
Start-Date: 2021-06-25  19:32:34
Commandline: apt-get install --reinstall adduser
Reinstall: adduser:armhf (3.118ubuntu5)
End-Date: 2021-06-25  19:32:40

Start-Date: 2021-06-25  19:32:50
Commandline: apt-get install --reinstall apt
Reinstall: apt:armhf (2.2.3)
End-Date: 2021-06-25  19:32:57

Start-Date: 2021-06-25  19:33:07
Commandline: apt-get install --reinstall base-files
Reinstall: base-files:armhf (11ubuntu19)
End-Date: 2021-06-25  19:33:13

Start-Date: 2021-06-25  19:33:22
Commandline: apt-get install --reinstall base-passwd
Reinstall: base-passwd:armhf (3.5.49)
End-Date: 2021-06-25  19:33:28

Start-Date: 2021-06-25  19:33:38
Commandline: apt-get install --reinstall bash
Reinstall: bash:armhf (5.1-2ubuntu1)
End-Date: 2021-06-25  19:33:44

Start-Date: 2021-06-25  19:33:53
Commandline: apt-get install --reinstall bsdutils
Reinstall: bsdutils:armhf (1:2.36.1-7ubuntu2)
End-Date: 2021-06-25  19:33:59

Start-Date: 2021-06-25  19:34:09
Commandline: apt-get install --reinstall coreutils
Reinstall: coreutils:armhf (8.32-4ubuntu2)
End-Date: 2021-06-25  19:34:15

Start-Date: 2021-06-25  19:34:24
Commandline: apt-get install --reinstall dash
Reinstall: dash:armhf (0.5.11+git20200708+dd9ef66+really0.5.11+git20200708+dd9ef66-5ubuntu1)
End-Date: 2021-06-25  19:34:30

Start-Date: 2021-06-25  19:34:40
Commandline: apt-get install --reinstall debconf
Reinstall: debconf:armhf (1.5.74)
End-Date: 2021-06-25  19:34:46

Start-Date: 2021-06-25  19:34:55
Commandline: apt-get install --reinstall debianutils
Reinstall: debianutils:armhf (4.11.2)
End-Date: 2021-06-25  19:35:01

Start-Date: 2021-06-25  19:35:11
Commandline: apt-get install --reinstall diffutils
Reinstall: diffutils:armhf (1:3.7-3ubuntu1)
End-Date: 2021-06-25  19:35:16

Start-Date: 2021-06-25  19:35:26
Commandline: apt-get install --reinstall dpkg
Reinstall: dpkg:armhf (1.20.9ubuntu1)
End-Date: 2021-06-25  19:35:32

Start-Date: 2021-06-25  19:35:42
Commandline: apt-get install --reinstall e2fsprogs
Reinstall: e2fsprogs:armhf (1.45.7-1ubuntu2)
End-Date: 2021-06-25  19:35:47

Start-Date: 2021-06-25  19:35:57
Commandline: apt-get install --reinstall findutils
Reinstall: findutils:armhf (4.8.0-1ubuntu1)
End-Date: 2021-06-25  19:36:03

Start-Date: 2021-06-25  19:36:12
Commandline: apt-get install --reinstall gcc-11-base:armhf
Reinstall: gcc-11-base:armhf (11-20210417-1ubuntu1)
End-Date: 2021-06-25  19:36:18

Start-Date: 2021-06-25  19:36:27
Commandline: apt-get install --reinstall gpgv
Reinstall: gpgv:armhf (2.2.20-1ubuntu3)
End-Date: 2021-06-25  19:36:33

Start-Date: 2021-06-25  19:36:43
Commandline: apt-get install --reinstall grep
Reinstall: grep:armhf (3.6-1)
End-Date: 2021-06-25  19:36:48

Start-Date: 2021-06-25  19:36:58
Commandline: apt-get install --reinstall gzip
Reinstall: gzip:armhf (1.10-2ubuntu3)
End-Date: 2021-06-25  19:37:04

Start-Date: 2021-06-25  19:37:13
Commandline: apt-get install --reinstall hostname
Reinstall: hostname:armhf (3.23)
End-Date: 2021-06-25  19:37:19

Start-Date: 2021-06-25  19:37:29
Commandline: apt-get install --reinstall init-system-helpers
Reinstall: init-system-helpers:armhf (1.60)
End-Date: 2021-06-25  19:37:34

Start-Date: 2021-06-25  19:37:44
Commandline: apt-get install --reinstall libacl1:armhf
Reinstall: libacl1:armhf (2.2.53-10ubuntu1)
End-Date: 2021-06-25  19:37:50

Start-Date: 2021-06-25  19:37:59
Commandline: apt-get install --reinstall libapt-pkg6.0:armhf
Reinstall: libapt-pkg6.0:armhf (2.2.3)
End-Date: 2021-06-25  19:38:05

Start-Date: 2021-06-25  19:38:15
Commandline: apt-get install --reinstall libattr1:armhf
Reinstall: libattr1:armhf (1:2.4.48-6build1)
End-Date: 2021-06-25  19:38:21

Start-Date: 2021-06-25  19:38:30
Commandline: apt-get install --reinstall libaudit-common
Reinstall: libaudit-common:armhf (1:3.0-2ubuntu1)
End-Date: 2021-06-25  19:38:36

Start-Date: 2021-06-25  19:38:45
Commandline: apt-get install --reinstall libaudit1:armhf
Reinstall: libaudit1:armhf (1:3.0-2ubuntu1)
End-Date: 2021-06-25  19:38:51

Start-Date: 2021-06-25  19:39:01
Commandline: apt-get install --reinstall libblkid1:armhf
Reinstall: libblkid1:armhf (2.36.1-7ubuntu2)
End-Date: 2021-06-25  19:39:06

Start-Date: 2021-06-25  19:39:16
Commandline: apt-get install --reinstall libbz2-1.0:armhf
Reinstall: libbz2-1.0:armhf (1.0.8-4ubuntu3)
End-Date: 2021-06-25  19:39:22

Start-Date: 2021-06-25  19:39:31
Commandline: apt-get install --reinstall libc-bin
Reinstall: libc-bin:armhf (2.33-0ubuntu5)
End-Date: 2021-06-25  19:39:37

Start-Date: 2021-06-25  19:39:47
Commandline: apt-get install --reinstall libc6:armhf
Reinstall: libc6:armhf (2.33-0ubuntu5)
End-Date: 2021-06-25  19:39:55

Start-Date: 2021-06-25  19:40:04
Commandline: apt-get install --reinstall libcap-ng0:armhf
Reinstall: libcap-ng0:armhf (0.7.9-2.2build1)
End-Date: 2021-06-25  19:40:10

Start-Date: 2021-06-25  19:40:19
Commandline: apt-get install --reinstall libcap2:armhf
Reinstall: libcap2:armhf (1:2.44-1build1)
End-Date: 2021-06-25  19:40:25

Start-Date: 2021-06-25  19:40:35
Commandline: apt-get install --reinstall libcom-err2:armhf
Reinstall: libcom-err2:armhf (1.45.7-1ubuntu2)
End-Date: 2021-06-25  19:40:39

Start-Date: 2021-06-25  19:40:49
Commandline: apt-get install --reinstall libcrypt1:armhf
Reinstall: libcrypt1:armhf (1:4.4.17-1ubuntu3)
End-Date: 2021-06-25  19:40:54

Start-Date: 2021-06-25  19:41:04
Commandline: apt-get install --reinstall libdb5.3:armhf
Reinstall: libdb5.3:armhf (5.3.28+dfsg1-0.6ubuntu4)
End-Date: 2021-06-25  19:41:10

Start-Date: 2021-06-25  19:41:19
Commandline: apt-get install --reinstall libdebconfclient0:armhf
Reinstall: libdebconfclient0:armhf (0.256ubuntu3)
End-Date: 2021-06-25  19:41:25

Start-Date: 2021-06-25  19:41:35
Commandline: apt-get install --reinstall libext2fs2:armhf
Reinstall: libext2fs2:armhf (1.45.7-1ubuntu2)
End-Date: 2021-06-25  19:41:39

Start-Date: 2021-06-25  19:41:49
Commandline: apt-get install --reinstall libffi8ubuntu1:armhf
Reinstall: libffi8ubuntu1:armhf (3.4~20200819gead65ca871-0ubuntu5)
End-Date: 2021-06-25  19:41:55

Start-Date: 2021-06-25  19:42:04
Commandline: apt-get install --reinstall libgcc-s1:armhf
Reinstall: libgcc-s1:armhf (11-20210417-1ubuntu1)
End-Date: 2021-06-25  19:42:10

Start-Date: 2021-06-25  19:42:19
Commandline: apt-get install --reinstall libgcrypt20:armhf
Reinstall: libgcrypt20:armhf (1.8.7-2ubuntu2)
End-Date: 2021-06-25  19:42:25

Start-Date: 2021-06-25  19:42:35
Commandline: apt-get install --reinstall libgmp10:armhf
Reinstall: libgmp10:armhf (2:6.2.1+dfsg-1ubuntu2)
End-Date: 2021-06-25  19:42:41

Start-Date: 2021-06-25  19:42:50
Commandline: apt-get install --reinstall libgnutls30:armhf
Reinstall: libgnutls30:armhf (3.7.1-3ubuntu1)
End-Date: 2021-06-25  19:42:56

Start-Date: 2021-06-25  19:43:06
Commandline: apt-get install --reinstall libgpg-error0:armhf
Reinstall: libgpg-error0:armhf (1.38-2build1)
End-Date: 2021-06-25  19:43:12

Start-Date: 2021-06-25  19:43:21
Commandline: apt-get install --reinstall libhogweed6:armhf
Reinstall: libhogweed6:armhf (3.7-2.1ubuntu1)
End-Date: 2021-06-25  19:43:27

Start-Date: 2021-06-25  19:43:36
Commandline: apt-get install --reinstall libidn2-0:armhf
Reinstall: libidn2-0:armhf (2.3.0-5)
End-Date: 2021-06-25  19:43:42

Start-Date: 2021-06-25  19:43:52
Commandline: apt-get install --reinstall liblz4-1:armhf
Reinstall: liblz4-1:armhf (1.9.3-1build1)
End-Date: 2021-06-25  19:43:58

Start-Date: 2021-06-25  19:44:07
Commandline: apt-get install --reinstall liblzma5:armhf
Reinstall: liblzma5:armhf (5.2.5-1.0build2)
End-Date: 2021-06-25  19:44:13

Start-Date: 2021-06-25  19:44:23
Commandline: apt-get install --reinstall libmount1:armhf
Reinstall: libmount1:armhf (2.36.1-7ubuntu2)
End-Date: 2021-06-25  19:44:29

Start-Date: 2021-06-25  19:44:38
Commandline: apt-get install --reinstall libncurses6:armhf
Reinstall: libncurses6:armhf (6.2+20201114-2build1)
End-Date: 2021-06-25  19:44:43

Start-Date: 2021-06-25  19:44:53
Commandline: apt-get install --reinstall libncursesw6:armhf
Reinstall: libncursesw6:armhf (6.2+20201114-2build1)
End-Date: 2021-06-25  19:44:58

Start-Date: 2021-06-25  19:45:07
Commandline: apt-get install --reinstall libnettle8:armhf
Reinstall: libnettle8:armhf (3.7-2.1ubuntu1)
End-Date: 2021-06-25  19:45:13

Start-Date: 2021-06-25  19:45:22
Commandline: apt-get install --reinstall libp11-kit0:armhf
Reinstall: libp11-kit0:armhf (0.23.22-1)
End-Date: 2021-06-25  19:45:28

Start-Date: 2021-06-25  19:45:38
Commandline: apt-get install --reinstall libpam-modules:armhf
Reinstall: libpam-modules:armhf (1.3.1-5ubuntu6)
End-Date: 2021-06-25  19:45:44

Start-Date: 2021-06-25  19:45:53
Commandline: apt-get install --reinstall libpam-modules-bin
Reinstall: libpam-modules-bin:armhf (1.3.1-5ubuntu6)
End-Date: 2021-06-25  19:45:59

Start-Date: 2021-06-25  19:46:08
Commandline: apt-get install --reinstall libpam-runtime
Reinstall: libpam-runtime:armhf (1.3.1-5ubuntu6)
End-Date: 2021-06-25  19:46:14

Start-Date: 2021-06-25  19:46:24
Commandline: apt-get install --reinstall libpam0g:armhf
Reinstall: libpam0g:armhf (1.3.1-5ubuntu6)
End-Date: 2021-06-25  19:46:30

Start-Date: 2021-06-25  19:46:39
Commandline: apt-get install --reinstall libpcre2-8-0:armhf
Reinstall: libpcre2-8-0:armhf (10.36-2ubuntu5)
End-Date: 2021-06-25  19:46:45

Start-Date: 2021-06-25  19:46:55
Commandline: apt-get install --reinstall libpcre3:armhf
Reinstall: libpcre3:armhf (2:8.39-13build3)
End-Date: 2021-06-25  19:47:01

Start-Date: 2021-06-25  19:47:11
Commandline: apt-get install --reinstall libprocps8:armhf
Reinstall: libprocps8:armhf (2:3.3.16-5ubuntu3)
End-Date: 2021-06-25  19:47:15

Start-Date: 2021-06-25  19:47:25
Commandline: apt-get install --reinstall libseccomp2:armhf
Reinstall: libseccomp2:armhf (2.5.1-1ubuntu1)
End-Date: 2021-06-25  19:47:31

Start-Date: 2021-06-25  19:47:40
Commandline: apt-get install --reinstall libselinux1:armhf
Reinstall: libselinux1:armhf (3.1-3build1)
End-Date: 2021-06-25  19:47:46

Start-Date: 2021-06-25  19:47:55
Commandline: apt-get install --reinstall libsemanage-common
Reinstall: libsemanage-common:armhf (3.1-1ubuntu1)
End-Date: 2021-06-25  19:48:01

Start-Date: 2021-06-25  19:48:11
Commandline: apt-get install --reinstall libsemanage1:armhf
Reinstall: libsemanage1:armhf (3.1-1ubuntu1)
End-Date: 2021-06-25  19:48:17

Start-Date: 2021-06-25  19:48:26
Commandline: apt-get install --reinstall libsepol1:armhf
Reinstall: libsepol1:armhf (3.1-1ubuntu1)
End-Date: 2021-06-25  19:48:32

Start-Date: 2021-06-25  19:48:42
Commandline: apt-get install --reinstall libsmartcols1:armhf
Reinstall: libsmartcols1:armhf (2.36.1-7ubuntu2)
End-Date: 2021-06-25  19:48:47

Start-Date: 2021-06-25  19:48:57
Commandline: apt-get install --reinstall libss2:armhf
Reinstall: libss2:armhf (1.45.7-1ubuntu2)
End-Date: 2021-06-25  19:49:02

Start-Date: 2021-06-25  19:49:11
Commandline: apt-get install --reinstall libstdc++6:armhf
Reinstall: libstdc++6:armhf (11-20210417-1ubuntu1)
End-Date: 2021-06-25  19:49:18

Start-Date: 2021-06-25  19:49:27
Commandline: apt-get install --reinstall libsystemd0:armhf
Reinstall: libsystemd0:armhf (247.3-3ubuntu3)
End-Date: 2021-06-25  19:49:33

Start-Date: 2021-06-25  19:49:42
Commandline: apt-get install --reinstall libtasn1-6:armhf
Reinstall: libtasn1-6:armhf (4.16.0-2)
End-Date: 2021-06-25  19:49:48

Start-Date: 2021-06-25  19:49:58
Commandline: apt-get install --reinstall libtinfo6:armhf
Reinstall: libtinfo6:armhf (6.2+20201114-2build1)
End-Date: 2021-06-25  19:50:03

Start-Date: 2021-06-25  19:50:13
Commandline: apt-get install --reinstall libudev1:armhf
Reinstall: libudev1:armhf (247.3-3ubuntu3)
End-Date: 2021-06-25  19:50:19

Start-Date: 2021-06-25  19:50:28
Commandline: apt-get install --reinstall libunistring2:armhf
Reinstall: libunistring2:armhf (0.9.10-4)
End-Date: 2021-06-25  19:50:34

Start-Date: 2021-06-25  19:50:44
Commandline: apt-get install --reinstall libuuid1:armhf
Reinstall: libuuid1:armhf (2.36.1-7ubuntu2)
End-Date: 2021-06-25  19:50:49

Start-Date: 2021-06-25  19:50:59
Commandline: apt-get install --reinstall libxxhash0:armhf
Reinstall: libxxhash0:armhf (0.8.0-2)
End-Date: 2021-06-25  19:51:05

Start-Date: 2021-06-25  19:51:14
Commandline: apt-get install --reinstall libzstd1:armhf
Reinstall: libzstd1:armhf (1.4.8+dfsg-2build2)
End-Date: 2021-06-25  19:51:20

Start-Date: 2021-06-25  19:51:29
Commandline: apt-get install --reinstall login
Reinstall: login:armhf (1:4.8.1-1ubuntu8)
End-Date: 2021-06-25  19:51:35

Start-Date: 2021-06-25  19:51:45
Commandline: apt-get install --reinstall logsave
Reinstall: logsave:armhf (1.45.7-1ubuntu2)
End-Date: 2021-06-25  19:51:49

Start-Date: 2021-06-25  19:51:59
Commandline: apt-get install --reinstall lsb-base
Reinstall: lsb-base:armhf (11.1.0ubuntu2)
End-Date: 2021-06-25  19:52:05

Start-Date: 2021-06-25  19:52:14
Commandline: apt-get install --reinstall mawk
Reinstall: mawk:armhf (1.3.4.20200120-2)
End-Date: 2021-06-25  19:52:19

Start-Date: 2021-06-25  19:52:28
Commandline: apt-get install --reinstall mount
Reinstall: mount:armhf (2.36.1-7ubuntu2)
End-Date: 2021-06-25  19:52:33

Start-Date: 2021-06-25  19:52:42
Commandline: apt-get install --reinstall ncurses-base
Reinstall: ncurses-base:armhf (6.2+20201114-2build1)
End-Date: 2021-06-25  19:52:48

Start-Date: 2021-06-25  19:52:58
Commandline: apt-get install --reinstall ncurses-bin
Reinstall: ncurses-bin:armhf (6.2+20201114-2build1)
End-Date: 2021-06-25  19:53:04

Start-Date: 2021-06-25  19:53:13
Commandline: apt-get install --reinstall passwd
Reinstall: passwd:armhf (1:4.8.1-1ubuntu8)
End-Date: 2021-06-25  19:53:19

Start-Date: 2021-06-25  19:53:29
Commandline: apt-get install --reinstall perl-base
Reinstall: perl-base:armhf (5.32.1-3ubuntu2)
End-Date: 2021-06-25  19:53:35

Start-Date: 2021-06-25  19:53:45
Commandline: apt-get install --reinstall procps
Reinstall: procps:armhf (2:3.3.16-5ubuntu3)
End-Date: 2021-06-25  19:53:49

Start-Date: 2021-06-25  19:53:59
Commandline: apt-get install --reinstall sed
Reinstall: sed:armhf (4.7-1ubuntu1)
End-Date: 2021-06-25  19:54:05

Start-Date: 2021-06-25  19:54:14
Commandline: apt-get install --reinstall sensible-utils
Reinstall: sensible-utils:armhf (0.0.14)
End-Date: 2021-06-25  19:54:19

Start-Date: 2021-06-25  19:54:28
Commandline: apt-get install --reinstall sysvinit-utils
Reinstall: sysvinit-utils:armhf (2.96-6ubuntu1)
End-Date: 2021-06-25  19:54:34

Start-Date: 2021-06-25  19:54:44
Commandline: apt-get install --reinstall tar
Reinstall: tar:armhf (1.34+dfsg-1build1)
End-Date: 2021-06-25  19:54:49

Start-Date: 2021-06-25  19:54:59
Commandline: apt-get install --reinstall ubuntu-keyring
Reinstall: ubuntu-keyring:armhf (2021.03.26)
End-Date: 2021-06-25  19:55:05

Start-Date: 2021-06-25  19:55:14
Commandline: apt-get install --reinstall usrmerge
Reinstall: usrmerge:armhf (24ubuntu3)
End-Date: 2021-06-25  19:55:19

Start-Date: 2021-06-25  19:55:28
Commandline: apt-get install --reinstall util-linux
Reinstall: util-linux:armhf (2.36.1-7ubuntu2)
End-Date: 2021-06-25  19:55:35

Start-Date: 2021-06-25  19:55:44
Commandline: apt-get install --reinstall zlib1g:armhf
Reinstall: zlib1g:armhf (1:1.2.11.dfsg-2ubuntu6)
End-Date: 2021-06-25  19:55:50

Start-Date: 2021-06-25  19:56:01
Commandline: apt-get --yes -oDebug::pkgDepCache::AutoInstall=yes --force-yes upgrade
Upgrade: libpam-runtime:armhf (1.3.1-5ubuntu6, 1.3.1-5ubuntu6.21.04.1), libnettle8:armhf (3.7-2.1ubuntu1, 3.7-2.1ubuntu1.1), libsystemd0:armhf (247.3-3ubuntu3, 247.3-3ubuntu3.1), libudev1:armhf (247.3-3ubuntu3, 247.3-3ubuntu3.1), libprocps8:armhf (2:3.3.16-5ubuntu3, 2:3.3.16-5ubuntu3.1), procps:armhf (2:3.3.16-5ubuntu3, 2:3.3.16-5ubuntu3.1), libpam0g:armhf (1.3.1-5ubuntu6, 1.3.1-5ubuntu6.21.04.1), libhogweed6:armhf (3.7-2.1ubuntu1, 3.7-2.1ubuntu1.1), gcc-11-base:armhf (11-20210417-1ubuntu1, 11.1.0-1ubuntu1~21.04), liblz4-1:armhf (1.9.3-1build1, 1.9.3-1ubuntu0.1), libstdc++6:armhf (11-20210417-1ubuntu1, 11.1.0-1ubuntu1~21.04), libgcc-s1:armhf (11-20210417-1ubuntu1, 11.1.0-1ubuntu1~21.04)
End-Date: 2021-06-25  19:56:03

Start-Date: 2021-06-25  19:56:04
Commandline: apt-get --yes -oDebug::pkgDepCache::AutoInstall=yes --force-yes dist-upgrade
Install: libkeyutils1:armhf (1.6.1-2ubuntu1, automatic), krb5-locales:armhf (1.18.3-4, automatic), libgssapi-krb5-2:armhf (1.18.3-4, automatic), libtirpc-common:armhf (1.3.1-1build1, automatic), libkrb5support0:armhf (1.18.3-4, automatic), libkrb5-3:armhf (1.18.3-4, automatic), libnsl2:armhf (1.3.0-0ubuntu3, automatic), libk5crypto3:armhf (1.18.3-4, automatic), libssl1.1:armhf (1.1.1j-1ubuntu3, automatic), libtirpc3:armhf (1.3.1-1build1, automatic)
Upgrade: libpam-modules:armhf (1.3.1-5ubuntu6, 1.3.1-5ubuntu6.21.04.1), libpam-modules-bin:armhf (1.3.1-5ubuntu6, 1.3.1-5ubuntu6.21.04.1)
End-Date: 2021-06-25  19:56:06
