2021-06-25 19:31:32 URL:http://ftpmaster.internal/ubuntu/dists/hirsute/InRelease [269262/269262] -> "/build/chroot/var/lib/apt/lists/partial/ftpmaster.internal_ubuntu_dists_hirsute_InRelease" [1]
gpgv: Signature made Thu Apr 22 16:34:22 2021 UTC
gpgv:                using RSA key 871920D1991BC93C
gpgv: Good signature from "Ubuntu Archive Automatic Signing Key (2018) <ftpmaster@ubuntu.com>"
2021-06-25 19:31:38 URL:http://ftpmaster.internal/ubuntu/dists/hirsute/main/binary-armhf/by-hash/SHA256/367f1b991f9b7b8958d49b5a9a914dc91723cc465a6ab33bd2adb0bebc6885fa [1348452/1348452] -> "/build/chroot/var/lib/apt/lists/partial/ftpmaster.internal_ubuntu_dists_hirsute_main_binary-armhf_Packages.xz" [1]
2021-06-25 19:31:40 URL:http://ftpmaster.internal/ubuntu/dists/hirsute/restricted/binary-armhf/by-hash/SHA256/92f1504c8bb7e569ac7133866f6f747016677ea9f3485dacddc1c00a8a11e128 [8932/8932] -> "/build/chroot/var/lib/apt/lists/partial/ftpmaster.internal_ubuntu_dists_hirsute_restricted_binary-armhf_Packages.xz" [1]
2021-06-25 19:31:43 URL:http://ftpmaster.internal/ubuntu/pool/main/a/adduser/adduser_3.118ubuntu5_all.deb [155528/155528] -> "/build/chroot//var/cache/apt/archives/partial/adduser_3.118ubuntu5_all.deb" [1]
2021-06-25 19:31:43 URL:http://ftpmaster.internal/ubuntu/pool/main/a/apt/apt_2.2.3_armhf.deb [1280212/1280212] -> "/build/chroot//var/cache/apt/archives/partial/apt_2.2.3_armhf.deb" [1]
2021-06-25 19:31:43 URL:http://ftpmaster.internal/ubuntu/pool/main/b/base-files/base-files_11ubuntu19_armhf.deb [60080/60080] -> "/build/chroot//var/cache/apt/archives/partial/base-files_11ubuntu19_armhf.deb" [1]
2021-06-25 19:31:43 URL:http://ftpmaster.internal/ubuntu/pool/main/b/base-passwd/base-passwd_3.5.49_armhf.deb [46096/46096] -> "/build/chroot//var/cache/apt/archives/partial/base-passwd_3.5.49_armhf.deb" [1]
2021-06-25 19:31:43 URL:http://ftpmaster.internal/ubuntu/pool/main/b/bash/bash_5.1-2ubuntu1_armhf.deb [605312/605312] -> "/build/chroot//var/cache/apt/archives/partial/bash_5.1-2ubuntu1_armhf.deb" [1]
2021-06-25 19:31:43 URL:http://ftpmaster.internal/ubuntu/pool/main/u/util-linux/bsdutils_2.36.1-7ubuntu2_armhf.deb [79276/79276] -> "/build/chroot//var/cache/apt/archives/partial/bsdutils_1%3a2.36.1-7ubuntu2_armhf.deb" [1]
2021-06-25 19:31:43 URL:http://ftpmaster.internal/ubuntu/pool/main/c/coreutils/coreutils_8.32-4ubuntu2_armhf.deb [1206888/1206888] -> "/build/chroot//var/cache/apt/archives/partial/coreutils_8.32-4ubuntu2_armhf.deb" [1]
2021-06-25 19:31:44 URL:http://ftpmaster.internal/ubuntu/pool/main/d/dash/dash_0.5.11+git20200708+dd9ef66+really0.5.11+git20200708+dd9ef66-5ubuntu1_armhf.deb [78944/78944] -> "/build/chroot//var/cache/apt/archives/partial/dash_0.5.11+git20200708+dd9ef66+really0.5.11+git20200708+dd9ef66-5ubuntu1_armhf.deb" [1]
2021-06-25 19:31:44 URL:http://ftpmaster.internal/ubuntu/pool/main/d/debconf/debconf_1.5.74_all.deb [121400/121400] -> "/build/chroot//var/cache/apt/archives/partial/debconf_1.5.74_all.deb" [1]
2021-06-25 19:31:44 URL:http://ftpmaster.internal/ubuntu/pool/main/d/debianutils/debianutils_4.11.2_armhf.deb [84324/84324] -> "/build/chroot//var/cache/apt/archives/partial/debianutils_4.11.2_armhf.deb" [1]
2021-06-25 19:31:44 URL:http://ftpmaster.internal/ubuntu/pool/main/d/diffutils/diffutils_3.7-3ubuntu1_armhf.deb [176572/176572] -> "/build/chroot//var/cache/apt/archives/partial/diffutils_1%3a3.7-3ubuntu1_armhf.deb" [1]
2021-06-25 19:31:44 URL:http://ftpmaster.internal/ubuntu/pool/main/d/dpkg/dpkg_1.20.9ubuntu1_armhf.deb [1218232/1218232] -> "/build/chroot//var/cache/apt/archives/partial/dpkg_1.20.9ubuntu1_armhf.deb" [1]
2021-06-25 19:31:44 URL:http://ftpmaster.internal/ubuntu/pool/main/e/e2fsprogs/e2fsprogs_1.45.7-1ubuntu2_armhf.deb [511872/511872] -> "/build/chroot//var/cache/apt/archives/partial/e2fsprogs_1.45.7-1ubuntu2_armhf.deb" [1]
2021-06-25 19:31:44 URL:http://ftpmaster.internal/ubuntu/pool/main/f/findutils/findutils_4.8.0-1ubuntu1_armhf.deb [310288/310288] -> "/build/chroot//var/cache/apt/archives/partial/findutils_4.8.0-1ubuntu1_armhf.deb" [1]
2021-06-25 19:31:44 URL:http://ftpmaster.internal/ubuntu/pool/main/g/gcc-11/gcc-11-base_11-20210417-1ubuntu1_armhf.deb [18632/18632] -> "/build/chroot//var/cache/apt/archives/partial/gcc-11-base_11-20210417-1ubuntu1_armhf.deb" [1]
2021-06-25 19:31:44 URL:http://ftpmaster.internal/ubuntu/pool/main/g/gnupg2/gpgv_2.2.20-1ubuntu3_armhf.deb [171664/171664] -> "/build/chroot//var/cache/apt/archives/partial/gpgv_2.2.20-1ubuntu3_armhf.deb" [1]
2021-06-25 19:31:44 URL:http://ftpmaster.internal/ubuntu/pool/main/g/grep/grep_3.6-1_armhf.deb [143316/143316] -> "/build/chroot//var/cache/apt/archives/partial/grep_3.6-1_armhf.deb" [1]
2021-06-25 19:31:44 URL:http://ftpmaster.internal/ubuntu/pool/main/g/gzip/gzip_1.10-2ubuntu3_armhf.deb [90892/90892] -> "/build/chroot//var/cache/apt/archives/partial/gzip_1.10-2ubuntu3_armhf.deb" [1]
2021-06-25 19:31:44 URL:http://ftpmaster.internal/ubuntu/pool/main/h/hostname/hostname_3.23_armhf.deb [10388/10388] -> "/build/chroot//var/cache/apt/archives/partial/hostname_3.23_armhf.deb" [1]
2021-06-25 19:31:44 URL:http://ftpmaster.internal/ubuntu/pool/main/i/init-system-helpers/init-system-helpers_1.60_all.deb [37816/37816] -> "/build/chroot//var/cache/apt/archives/partial/init-system-helpers_1.60_all.deb" [1]
2021-06-25 19:31:44 URL:http://ftpmaster.internal/ubuntu/pool/main/a/acl/libacl1_2.2.53-10ubuntu1_armhf.deb [14108/14108] -> "/build/chroot//var/cache/apt/archives/partial/libacl1_2.2.53-10ubuntu1_armhf.deb" [1]
2021-06-25 19:31:44 URL:http://ftpmaster.internal/ubuntu/pool/main/a/apt/libapt-pkg6.0_2.2.3_armhf.deb [785744/785744] -> "/build/chroot//var/cache/apt/archives/partial/libapt-pkg6.0_2.2.3_armhf.deb" [1]
2021-06-25 19:31:44 URL:http://ftpmaster.internal/ubuntu/pool/main/a/attr/libattr1_2.4.48-6build1_armhf.deb [11624/11624] -> "/build/chroot//var/cache/apt/archives/partial/libattr1_1%3a2.4.48-6build1_armhf.deb" [1]
2021-06-25 19:31:44 URL:http://ftpmaster.internal/ubuntu/pool/main/a/audit/libaudit-common_3.0-2ubuntu1_all.deb [4836/4836] -> "/build/chroot//var/cache/apt/archives/partial/libaudit-common_1%3a3.0-2ubuntu1_all.deb" [1]
2021-06-25 19:31:44 URL:http://ftpmaster.internal/ubuntu/pool/main/a/audit/libaudit1_3.0-2ubuntu1_armhf.deb [37204/37204] -> "/build/chroot//var/cache/apt/archives/partial/libaudit1_1%3a3.0-2ubuntu1_armhf.deb" [1]
2021-06-25 19:31:44 URL:http://ftpmaster.internal/ubuntu/pool/main/u/util-linux/libblkid1_2.36.1-7ubuntu2_armhf.deb [117816/117816] -> "/build/chroot//var/cache/apt/archives/partial/libblkid1_2.36.1-7ubuntu2_armhf.deb" [1]
2021-06-25 19:31:44 URL:http://ftpmaster.internal/ubuntu/pool/main/b/bzip2/libbz2-1.0_1.0.8-4ubuntu3_armhf.deb [29432/29432] -> "/build/chroot//var/cache/apt/archives/partial/libbz2-1.0_1.0.8-4ubuntu3_armhf.deb" [1]
2021-06-25 19:31:45 URL:http://ftpmaster.internal/ubuntu/pool/main/g/glibc/libc-bin_2.33-0ubuntu5_armhf.deb [503264/503264] -> "/build/chroot//var/cache/apt/archives/partial/libc-bin_2.33-0ubuntu5_armhf.deb" [1]
2021-06-25 19:31:45 URL:http://ftpmaster.internal/ubuntu/pool/main/g/glibc/libc6_2.33-0ubuntu5_armhf.deb [2129332/2129332] -> "/build/chroot//var/cache/apt/archives/partial/libc6_2.33-0ubuntu5_armhf.deb" [1]
2021-06-25 19:31:45 URL:http://ftpmaster.internal/ubuntu/pool/main/libc/libcap-ng/libcap-ng0_0.7.9-2.2build1_armhf.deb [9672/9672] -> "/build/chroot//var/cache/apt/archives/partial/libcap-ng0_0.7.9-2.2build1_armhf.deb" [1]
2021-06-25 19:31:45 URL:http://ftpmaster.internal/ubuntu/pool/main/libc/libcap2/libcap2_2.44-1build1_armhf.deb [14316/14316] -> "/build/chroot//var/cache/apt/archives/partial/libcap2_1%3a2.44-1build1_armhf.deb" [1]
2021-06-25 19:31:45 URL:http://ftpmaster.internal/ubuntu/pool/main/e/e2fsprogs/libcom-err2_1.45.7-1ubuntu2_armhf.deb [9440/9440] -> "/build/chroot//var/cache/apt/archives/partial/libcom-err2_1.45.7-1ubuntu2_armhf.deb" [1]
2021-06-25 19:31:45 URL:http://ftpmaster.internal/ubuntu/pool/main/libx/libxcrypt/libcrypt1_4.4.17-1ubuntu3_armhf.deb [86668/86668] -> "/build/chroot//var/cache/apt/archives/partial/libcrypt1_1%3a4.4.17-1ubuntu3_armhf.deb" [1]
2021-06-25 19:31:45 URL:http://ftpmaster.internal/ubuntu/pool/main/d/db5.3/libdb5.3_5.3.28+dfsg1-0.6ubuntu4_armhf.deb [596960/596960] -> "/build/chroot//var/cache/apt/archives/partial/libdb5.3_5.3.28+dfsg1-0.6ubuntu4_armhf.deb" [1]
2021-06-25 19:31:45 URL:http://ftpmaster.internal/ubuntu/pool/main/c/cdebconf/libdebconfclient0_0.256ubuntu3_armhf.deb [5600/5600] -> "/build/chroot//var/cache/apt/archives/partial/libdebconfclient0_0.256ubuntu3_armhf.deb" [1]
2021-06-25 19:31:45 URL:http://ftpmaster.internal/ubuntu/pool/main/e/e2fsprogs/libext2fs2_1.45.7-1ubuntu2_armhf.deb [169472/169472] -> "/build/chroot//var/cache/apt/archives/partial/libext2fs2_1.45.7-1ubuntu2_armhf.deb" [1]
2021-06-25 19:31:45 URL:http://ftpmaster.internal/ubuntu/pool/main/libf/libffi/libffi8ubuntu1_3.4~20200819gead65ca871-0ubuntu5_armhf.deb [16424/16424] -> "/build/chroot//var/cache/apt/archives/partial/libffi8ubuntu1_3.4~20200819gead65ca871-0ubuntu5_armhf.deb" [1]
2021-06-25 19:31:45 URL:http://ftpmaster.internal/ubuntu/pool/main/g/gcc-11/libgcc-s1_11-20210417-1ubuntu1_armhf.deb [36408/36408] -> "/build/chroot//var/cache/apt/archives/partial/libgcc-s1_11-20210417-1ubuntu1_armhf.deb" [1]
2021-06-25 19:31:45 URL:http://ftpmaster.internal/ubuntu/pool/main/libg/libgcrypt20/libgcrypt20_1.8.7-2ubuntu2_armhf.deb [364352/364352] -> "/build/chroot//var/cache/apt/archives/partial/libgcrypt20_1.8.7-2ubuntu2_armhf.deb" [1]
2021-06-25 19:31:45 URL:http://ftpmaster.internal/ubuntu/pool/main/g/gmp/libgmp10_6.2.1+dfsg-1ubuntu2_armhf.deb [187660/187660] -> "/build/chroot//var/cache/apt/archives/partial/libgmp10_2%3a6.2.1+dfsg-1ubuntu2_armhf.deb" [1]
2021-06-25 19:31:45 URL:http://ftpmaster.internal/ubuntu/pool/main/g/gnutls28/libgnutls30_3.7.1-3ubuntu1_armhf.deb [843008/843008] -> "/build/chroot//var/cache/apt/archives/partial/libgnutls30_3.7.1-3ubuntu1_armhf.deb" [1]
2021-06-25 19:31:45 URL:http://ftpmaster.internal/ubuntu/pool/main/libg/libgpg-error/libgpg-error0_1.38-2build1_armhf.deb [54404/54404] -> "/build/chroot//var/cache/apt/archives/partial/libgpg-error0_1.38-2build1_armhf.deb" [1]
2021-06-25 19:31:45 URL:http://ftpmaster.internal/ubuntu/pool/main/n/nettle/libhogweed6_3.7-2.1ubuntu1_armhf.deb [182808/182808] -> "/build/chroot//var/cache/apt/archives/partial/libhogweed6_3.7-2.1ubuntu1_armhf.deb" [1]
2021-06-25 19:31:45 URL:http://ftpmaster.internal/ubuntu/pool/main/libi/libidn2/libidn2-0_2.3.0-5_armhf.deb [49648/49648] -> "/build/chroot//var/cache/apt/archives/partial/libidn2-0_2.3.0-5_armhf.deb" [1]
2021-06-25 19:31:45 URL:http://ftpmaster.internal/ubuntu/pool/main/l/lz4/liblz4-1_1.9.3-1build1_armhf.deb [49424/49424] -> "/build/chroot//var/cache/apt/archives/partial/liblz4-1_1.9.3-1build1_armhf.deb" [1]
2021-06-25 19:31:46 URL:http://ftpmaster.internal/ubuntu/pool/main/x/xz-utils/liblzma5_5.2.5-1.0build2_armhf.deb [83768/83768] -> "/build/chroot//var/cache/apt/archives/partial/liblzma5_5.2.5-1.0build2_armhf.deb" [1]
2021-06-25 19:31:46 URL:http://ftpmaster.internal/ubuntu/pool/main/u/util-linux/libmount1_2.36.1-7ubuntu2_armhf.deb [130272/130272] -> "/build/chroot//var/cache/apt/archives/partial/libmount1_2.36.1-7ubuntu2_armhf.deb" [1]
2021-06-25 19:31:46 URL:http://ftpmaster.internal/ubuntu/pool/main/n/ncurses/libncurses6_6.2+20201114-2build1_armhf.deb [79836/79836] -> "/build/chroot//var/cache/apt/archives/partial/libncurses6_6.2+20201114-2build1_armhf.deb" [1]
2021-06-25 19:31:46 URL:http://ftpmaster.internal/ubuntu/pool/main/n/ncurses/libncursesw6_6.2+20201114-2build1_armhf.deb [105356/105356] -> "/build/chroot//var/cache/apt/archives/partial/libncursesw6_6.2+20201114-2build1_armhf.deb" [1]
2021-06-25 19:31:46 URL:http://ftpmaster.internal/ubuntu/pool/main/n/nettle/libnettle8_3.7-2.1ubuntu1_armhf.deb [158384/158384] -> "/build/chroot//var/cache/apt/archives/partial/libnettle8_3.7-2.1ubuntu1_armhf.deb" [1]
2021-06-25 19:31:46 URL:http://ftpmaster.internal/ubuntu/pool/main/p/p11-kit/libp11-kit0_0.23.22-1_armhf.deb [169724/169724] -> "/build/chroot//var/cache/apt/archives/partial/libp11-kit0_0.23.22-1_armhf.deb" [1]
2021-06-25 19:31:46 URL:http://ftpmaster.internal/ubuntu/pool/main/p/pam/libpam-modules_1.3.1-5ubuntu6_armhf.deb [232068/232068] -> "/build/chroot//var/cache/apt/archives/partial/libpam-modules_1.3.1-5ubuntu6_armhf.deb" [1]
2021-06-25 19:31:46 URL:http://ftpmaster.internal/ubuntu/pool/main/p/pam/libpam-modules-bin_1.3.1-5ubuntu6_armhf.deb [33488/33488] -> "/build/chroot//var/cache/apt/archives/partial/libpam-modules-bin_1.3.1-5ubuntu6_armhf.deb" [1]
2021-06-25 19:31:46 URL:http://ftpmaster.internal/ubuntu/pool/main/p/pam/libpam-runtime_1.3.1-5ubuntu6_all.deb [37272/37272] -> "/build/chroot//var/cache/apt/archives/partial/libpam-runtime_1.3.1-5ubuntu6_all.deb" [1]
2021-06-25 19:31:46 URL:http://ftpmaster.internal/ubuntu/pool/main/p/pam/libpam0g_1.3.1-5ubuntu6_armhf.deb [50344/50344] -> "/build/chroot//var/cache/apt/archives/partial/libpam0g_1.3.1-5ubuntu6_armhf.deb" [1]
2021-06-25 19:31:46 URL:http://ftpmaster.internal/ubuntu/pool/main/p/pcre2/libpcre2-8-0_10.36-2ubuntu5_armhf.deb [168864/168864] -> "/build/chroot//var/cache/apt/archives/partial/libpcre2-8-0_10.36-2ubuntu5_armhf.deb" [1]
2021-06-25 19:31:46 URL:http://ftpmaster.internal/ubuntu/pool/main/p/pcre3/libpcre3_8.39-13build3_armhf.deb [210696/210696] -> "/build/chroot//var/cache/apt/archives/partial/libpcre3_2%3a8.39-13build3_armhf.deb" [1]
2021-06-25 19:31:46 URL:http://ftpmaster.internal/ubuntu/pool/main/p/procps/libprocps8_3.3.16-5ubuntu3_armhf.deb [29536/29536] -> "/build/chroot//var/cache/apt/archives/partial/libprocps8_2%3a3.3.16-5ubuntu3_armhf.deb" [1]
2021-06-25 19:31:46 URL:http://ftpmaster.internal/ubuntu/pool/main/libs/libseccomp/libseccomp2_2.5.1-1ubuntu1_armhf.deb [41120/41120] -> "/build/chroot//var/cache/apt/archives/partial/libseccomp2_2.5.1-1ubuntu1_armhf.deb" [1]
2021-06-25 19:31:46 URL:http://ftpmaster.internal/ubuntu/pool/main/libs/libselinux/libselinux1_3.1-3build1_armhf.deb [61132/61132] -> "/build/chroot//var/cache/apt/archives/partial/libselinux1_3.1-3build1_armhf.deb" [1]
2021-06-25 19:31:46 URL:http://ftpmaster.internal/ubuntu/pool/main/libs/libsemanage/libsemanage-common_3.1-1ubuntu1_all.deb [9872/9872] -> "/build/chroot//var/cache/apt/archives/partial/libsemanage-common_3.1-1ubuntu1_all.deb" [1]
2021-06-25 19:31:46 URL:http://ftpmaster.internal/ubuntu/pool/main/libs/libsemanage/libsemanage1_3.1-1ubuntu1_armhf.deb [75256/75256] -> "/build/chroot//var/cache/apt/archives/partial/libsemanage1_3.1-1ubuntu1_armhf.deb" [1]
2021-06-25 19:31:46 URL:http://ftpmaster.internal/ubuntu/pool/main/libs/libsepol/libsepol1_3.1-1ubuntu1_armhf.deb [225872/225872] -> "/build/chroot//var/cache/apt/archives/partial/libsepol1_3.1-1ubuntu1_armhf.deb" [1]
2021-06-25 19:31:46 URL:http://ftpmaster.internal/ubuntu/pool/main/u/util-linux/libsmartcols1_2.36.1-7ubuntu2_armhf.deb [82824/82824] -> "/build/chroot//var/cache/apt/archives/partial/libsmartcols1_2.36.1-7ubuntu2_armhf.deb" [1]
2021-06-25 19:31:46 URL:http://ftpmaster.internal/ubuntu/pool/main/e/e2fsprogs/libss2_1.45.7-1ubuntu2_armhf.deb [9432/9432] -> "/build/chroot//var/cache/apt/archives/partial/libss2_1.45.7-1ubuntu2_armhf.deb" [1]
2021-06-25 19:31:46 URL:http://ftpmaster.internal/ubuntu/pool/main/g/gcc-11/libstdc++6_11-20210417-1ubuntu1_armhf.deb [499552/499552] -> "/build/chroot//var/cache/apt/archives/partial/libstdc++6_11-20210417-1ubuntu1_armhf.deb" [1]
2021-06-25 19:31:47 URL:http://ftpmaster.internal/ubuntu/pool/main/s/systemd/libsystemd0_247.3-3ubuntu3_armhf.deb [250864/250864] -> "/build/chroot//var/cache/apt/archives/partial/libsystemd0_247.3-3ubuntu3_armhf.deb" [1]
2021-06-25 19:31:47 URL:http://ftpmaster.internal/ubuntu/pool/main/libt/libtasn1-6/libtasn1-6_4.16.0-2_armhf.deb [33116/33116] -> "/build/chroot//var/cache/apt/archives/partial/libtasn1-6_4.16.0-2_armhf.deb" [1]
2021-06-25 19:31:47 URL:http://ftpmaster.internal/ubuntu/pool/main/n/ncurses/libtinfo6_6.2+20201114-2build1_armhf.deb [73904/73904] -> "/build/chroot//var/cache/apt/archives/partial/libtinfo6_6.2+20201114-2build1_armhf.deb" [1]
2021-06-25 19:31:47 URL:http://ftpmaster.internal/ubuntu/pool/main/s/systemd/libudev1_247.3-3ubuntu3_armhf.deb [61976/61976] -> "/build/chroot//var/cache/apt/archives/partial/libudev1_247.3-3ubuntu3_armhf.deb" [1]
2021-06-25 19:31:47 URL:http://ftpmaster.internal/ubuntu/pool/main/libu/libunistring/libunistring2_0.9.10-4_armhf.deb [359008/359008] -> "/build/chroot//var/cache/apt/archives/partial/libunistring2_0.9.10-4_armhf.deb" [1]
2021-06-25 19:31:47 URL:http://ftpmaster.internal/ubuntu/pool/main/u/util-linux/libuuid1_2.36.1-7ubuntu2_armhf.deb [21096/21096] -> "/build/chroot//var/cache/apt/archives/partial/libuuid1_2.36.1-7ubuntu2_armhf.deb" [1]
2021-06-25 19:31:47 URL:http://ftpmaster.internal/ubuntu/pool/main/x/xxhash/libxxhash0_0.8.0-2_armhf.deb [21768/21768] -> "/build/chroot//var/cache/apt/archives/partial/libxxhash0_0.8.0-2_armhf.deb" [1]
2021-06-25 19:31:47 URL:http://ftpmaster.internal/ubuntu/pool/main/libz/libzstd/libzstd1_1.4.8+dfsg-2build2_armhf.deb [257148/257148] -> "/build/chroot//var/cache/apt/archives/partial/libzstd1_1.4.8+dfsg-2build2_armhf.deb" [1]
2021-06-25 19:31:47 URL:http://ftpmaster.internal/ubuntu/pool/main/s/shadow/login_4.8.1-1ubuntu8_armhf.deb [216844/216844] -> "/build/chroot//var/cache/apt/archives/partial/login_1%3a4.8.1-1ubuntu8_armhf.deb" [1]
2021-06-25 19:31:47 URL:http://ftpmaster.internal/ubuntu/pool/main/e/e2fsprogs/logsave_1.45.7-1ubuntu2_armhf.deb [10396/10396] -> "/build/chroot//var/cache/apt/archives/partial/logsave_1.45.7-1ubuntu2_armhf.deb" [1]
2021-06-25 19:31:47 URL:http://ftpmaster.internal/ubuntu/pool/main/l/lsb/lsb-base_11.1.0ubuntu2_all.deb [12076/12076] -> "/build/chroot//var/cache/apt/archives/partial/lsb-base_11.1.0ubuntu2_all.deb" [1]
2021-06-25 19:31:47 URL:http://ftpmaster.internal/ubuntu/pool/main/m/mawk/mawk_1.3.4.20200120-2_armhf.deb [85144/85144] -> "/build/chroot//var/cache/apt/archives/partial/mawk_1.3.4.20200120-2_armhf.deb" [1]
2021-06-25 19:31:47 URL:http://ftpmaster.internal/ubuntu/pool/main/u/util-linux/mount_2.36.1-7ubuntu2_armhf.deb [113340/113340] -> "/build/chroot//var/cache/apt/archives/partial/mount_2.36.1-7ubuntu2_armhf.deb" [1]
2021-06-25 19:31:47 URL:http://ftpmaster.internal/ubuntu/pool/main/n/ncurses/ncurses-base_6.2+20201114-2build1_all.deb [18356/18356] -> "/build/chroot//var/cache/apt/archives/partial/ncurses-base_6.2+20201114-2build1_all.deb" [1]
2021-06-25 19:31:47 URL:http://ftpmaster.internal/ubuntu/pool/main/n/ncurses/ncurses-bin_6.2+20201114-2build1_armhf.deb [165036/165036] -> "/build/chroot//var/cache/apt/archives/partial/ncurses-bin_6.2+20201114-2build1_armhf.deb" [1]
2021-06-25 19:31:47 URL:http://ftpmaster.internal/ubuntu/pool/main/s/shadow/passwd_4.8.1-1ubuntu8_armhf.deb [751020/751020] -> "/build/chroot//var/cache/apt/archives/partial/passwd_1%3a4.8.1-1ubuntu8_armhf.deb" [1]
2021-06-25 19:31:47 URL:http://ftpmaster.internal/ubuntu/pool/main/p/perl/perl-base_5.32.1-3ubuntu2_armhf.deb [1423296/1423296] -> "/build/chroot//var/cache/apt/archives/partial/perl-base_5.32.1-3ubuntu2_armhf.deb" [1]
2021-06-25 19:31:47 URL:http://ftpmaster.internal/ubuntu/pool/main/p/procps/procps_3.3.16-5ubuntu3_armhf.deb [222300/222300] -> "/build/chroot//var/cache/apt/archives/partial/procps_2%3a3.3.16-5ubuntu3_armhf.deb" [1]
2021-06-25 19:31:47 URL:http://ftpmaster.internal/ubuntu/pool/main/s/sed/sed_4.7-1ubuntu1_armhf.deb [181780/181780] -> "/build/chroot//var/cache/apt/archives/partial/sed_4.7-1ubuntu1_armhf.deb" [1]
2021-06-25 19:31:48 URL:http://ftpmaster.internal/ubuntu/pool/main/s/sensible-utils/sensible-utils_0.0.14_all.deb [13464/13464] -> "/build/chroot//var/cache/apt/archives/partial/sensible-utils_0.0.14_all.deb" [1]
2021-06-25 19:31:48 URL:http://ftpmaster.internal/ubuntu/pool/main/s/sysvinit/sysvinit-utils_2.96-6ubuntu1_armhf.deb [19200/19200] -> "/build/chroot//var/cache/apt/archives/partial/sysvinit-utils_2.96-6ubuntu1_armhf.deb" [1]
2021-06-25 19:31:48 URL:http://ftpmaster.internal/ubuntu/pool/main/t/tar/tar_1.34+dfsg-1build1_armhf.deb [251840/251840] -> "/build/chroot//var/cache/apt/archives/partial/tar_1.34+dfsg-1build1_armhf.deb" [1]
2021-06-25 19:31:48 URL:http://ftpmaster.internal/ubuntu/pool/main/u/ubuntu-keyring/ubuntu-keyring_2021.03.26_all.deb [20856/20856] -> "/build/chroot//var/cache/apt/archives/partial/ubuntu-keyring_2021.03.26_all.deb" [1]
2021-06-25 19:31:48 URL:http://ftpmaster.internal/ubuntu/pool/main/u/usrmerge/usrmerge_24ubuntu3_all.deb [53408/53408] -> "/build/chroot//var/cache/apt/archives/partial/usrmerge_24ubuntu3_all.deb" [1]
2021-06-25 19:31:48 URL:http://ftpmaster.internal/ubuntu/pool/main/u/util-linux/util-linux_2.36.1-7ubuntu2_armhf.deb [1004136/1004136] -> "/build/chroot//var/cache/apt/archives/partial/util-linux_2.36.1-7ubuntu2_armhf.deb" [1]
2021-06-25 19:31:48 URL:http://ftpmaster.internal/ubuntu/pool/main/z/zlib/zlib1g_1.2.11.dfsg-2ubuntu6_armhf.deb [47848/47848] -> "/build/chroot//var/cache/apt/archives/partial/zlib1g_1%3a1.2.11.dfsg-2ubuntu6_armhf.deb" [1]
gpgv: Signature made Thu Apr 22 16:34:22 2021 UTC
gpgv:                using RSA key 871920D1991BC93C
gpgv: Good signature from "Ubuntu Archive Automatic Signing Key (2018) <ftpmaster@ubuntu.com>"
dpkg: warning: parsing file '/var/lib/dpkg/status' near line 5 package 'dpkg':
 missing 'Description' field
dpkg: warning: parsing file '/var/lib/dpkg/status' near line 5 package 'dpkg':
 missing 'Architecture' field
Selecting previously unselected package base-passwd.
(Reading database ... 0 files and directories currently installed.)
Preparing to unpack .../base-passwd_3.5.49_armhf.deb ...
Unpacking base-passwd (3.5.49) ...
dpkg: base-passwd: dependency problems, but configuring anyway as you requested:
 base-passwd depends on libc6 (>= 2.33); however:
  Package libc6 is not installed.
 base-passwd depends on libdebconfclient0 (>= 0.145); however:
  Package libdebconfclient0 is not installed.

Setting up base-passwd (3.5.49) ...
dpkg: warning: parsing file '/var/lib/dpkg/status' near line 24 package 'dpkg':
 missing 'Description' field
dpkg: warning: parsing file '/var/lib/dpkg/status' near line 24 package 'dpkg':
 missing 'Architecture' field
Selecting previously unselected package base-files.
dpkg: regarding .../base-files_11ubuntu19_armhf.deb containing base-files, pre-dependency problem:
 base-files pre-depends on awk
  awk is not installed.

dpkg: warning: ignoring pre-dependency problem!
(Reading database ... 41 files and directories currently installed.)
Preparing to unpack .../base-files_11ubuntu19_armhf.deb ...
Unpacking base-files (11ubuntu19) ...
dpkg: base-files: dependency problems, but configuring anyway as you requested:
 base-files depends on awk; however:
  Package awk is not installed.
 base-files depends on libc6 (>= 2.4); however:
  Package libc6 is not installed.
 base-files depends on libcrypt1 (>= 1:4.4.10-10ubuntu3); however:
  Package libcrypt1 is not installed.

Setting up base-files (11ubuntu19) ...
dpkg: warning: parsing file '/var/lib/dpkg/status' near line 59 package 'dpkg':
 missing 'Description' field
dpkg: warning: parsing file '/var/lib/dpkg/status' near line 59 package 'dpkg':
 missing 'Architecture' field
dpkg: regarding .../dpkg_1.20.9ubuntu1_armhf.deb containing dpkg, pre-dependency problem:
 dpkg pre-depends on libbz2-1.0
  libbz2-1.0 is not installed.

dpkg: warning: ignoring pre-dependency problem!
dpkg: regarding .../dpkg_1.20.9ubuntu1_armhf.deb containing dpkg, pre-dependency problem:
 dpkg pre-depends on libc6 (>= 2.33)
  libc6 is not installed.

dpkg: warning: ignoring pre-dependency problem!
dpkg: regarding .../dpkg_1.20.9ubuntu1_armhf.deb containing dpkg, pre-dependency problem:
 dpkg pre-depends on liblzma5 (>= 5.2.2)
  liblzma5 is not installed.

dpkg: warning: ignoring pre-dependency problem!
dpkg: regarding .../dpkg_1.20.9ubuntu1_armhf.deb containing dpkg, pre-dependency problem:
 dpkg pre-depends on libselinux1 (>= 3.1~)
  libselinux1 is not installed.

dpkg: warning: ignoring pre-dependency problem!
dpkg: regarding .../dpkg_1.20.9ubuntu1_armhf.deb containing dpkg, pre-dependency problem:
 dpkg pre-depends on libzstd1 (>= 1.3.2)
  libzstd1 is not installed.

dpkg: warning: ignoring pre-dependency problem!
dpkg: regarding .../dpkg_1.20.9ubuntu1_armhf.deb containing dpkg, pre-dependency problem:
 dpkg pre-depends on zlib1g (>= 1:1.1.4)
  zlib1g is not installed.

dpkg: warning: ignoring pre-dependency problem!
(Reading database ... 133 files and directories currently installed.)
Preparing to unpack .../dpkg_1.20.9ubuntu1_armhf.deb ...
Unpacking dpkg (1.20.9ubuntu1) over (1.20.9ubuntu1) ...
dpkg: dpkg: dependency problems, but configuring anyway as you requested:
 dpkg depends on libbz2-1.0; however:
  Package libbz2-1.0 is not installed.
 dpkg depends on libc6 (>= 2.33); however:
  Package libc6 is not installed.
 dpkg depends on liblzma5 (>= 5.2.2); however:
  Package liblzma5 is not installed.
 dpkg depends on libselinux1 (>= 3.1~); however:
  Package libselinux1 is not installed.
 dpkg depends on libzstd1 (>= 1.3.2); however:
  Package libzstd1 is not installed.
 dpkg depends on zlib1g (>= 1:1.1.4); however:
  Package zlib1g is not installed.
 dpkg depends on tar (>= 1.28-1); however:
  Package tar is not installed.

Setting up dpkg (1.20.9ubuntu1) ...
Selecting previously unselected package libc6:armhf.
(Reading database ... 414 files and directories currently installed.)
Preparing to unpack .../libc6_2.33-0ubuntu5_armhf.deb ...
Unpacking libc6:armhf (2.33-0ubuntu5) ...
dpkg: libc6:armhf: dependency problems, but configuring anyway as you requested:
 libc6:armhf depends on libgcc-s1; however:
  Package libgcc-s1 is not installed.
 libc6:armhf depends on libcrypt1 (>= 1:4.4.10-10ubuntu4); however:
  Package libcrypt1 is not installed.

Setting up libc6:armhf (2.33-0ubuntu5) ...
Selecting previously unselected package perl-base.
dpkg: regarding .../perl-base_5.32.1-3ubuntu2_armhf.deb containing perl-base, pre-dependency problem:
 perl-base pre-depends on libcrypt1 (>= 1:4.1.0)
  libcrypt1 is not installed.

dpkg: warning: ignoring pre-dependency problem!
(Reading database ... 721 files and directories currently installed.)
Preparing to unpack .../perl-base_5.32.1-3ubuntu2_armhf.deb ...
Unpacking perl-base (5.32.1-3ubuntu2) ...
dpkg: perl-base: dependency problems, but configuring anyway as you requested:
 perl-base depends on libcrypt1 (>= 1:4.1.0); however:
  Package libcrypt1 is not installed.

Setting up perl-base (5.32.1-3ubuntu2) ...
Selecting previously unselected package mawk.
(Reading database ... 1445 files and directories currently installed.)
Preparing to unpack .../mawk_1.3.4.20200120-2_armhf.deb ...
Unpacking mawk (1.3.4.20200120-2) ...
Setting up mawk (1.3.4.20200120-2) ...
(Reading database ... 1463 files and directories currently installed.)
Preparing to unpack .../base-files_11ubuntu19_armhf.deb ...
Unpacking base-files (11ubuntu19) over (11ubuntu19) ...
Preparing to unpack .../base-passwd_3.5.49_armhf.deb ...
Unpacking base-passwd (3.5.49) over (3.5.49) ...
Selecting previously unselected package bash.
dpkg: regarding .../bash_5.1-2ubuntu1_armhf.deb containing bash, pre-dependency problem:
 bash pre-depends on libtinfo6 (>= 6)
  libtinfo6 is not installed.

dpkg: warning: ignoring pre-dependency problem!
Preparing to unpack .../bash_5.1-2ubuntu1_armhf.deb ...
Unpacking bash (5.1-2ubuntu1) ...
Selecting previously unselected package bsdutils.
dpkg: regarding .../bsdutils_1%3a2.36.1-7ubuntu2_armhf.deb containing bsdutils, pre-dependency problem:
 bsdutils pre-depends on libsystemd0
  libsystemd0 is not installed.

dpkg: warning: ignoring pre-dependency problem!
Preparing to unpack .../bsdutils_1%3a2.36.1-7ubuntu2_armhf.deb ...
Unpacking bsdutils (1:2.36.1-7ubuntu2) ...
Selecting previously unselected package coreutils.
dpkg: regarding .../coreutils_8.32-4ubuntu2_armhf.deb containing coreutils, pre-dependency problem:
 coreutils pre-depends on libacl1 (>= 2.2.23)
  libacl1 is not installed.

dpkg: warning: ignoring pre-dependency problem!
dpkg: regarding .../coreutils_8.32-4ubuntu2_armhf.deb containing coreutils, pre-dependency problem:
 coreutils pre-depends on libattr1 (>= 1:2.4.44)
  libattr1 is not installed.

dpkg: warning: ignoring pre-dependency problem!
dpkg: regarding .../coreutils_8.32-4ubuntu2_armhf.deb containing coreutils, pre-dependency problem:
 coreutils pre-depends on libgmp10
  libgmp10 is not installed.

dpkg: warning: ignoring pre-dependency problem!
dpkg: regarding .../coreutils_8.32-4ubuntu2_armhf.deb containing coreutils, pre-dependency problem:
 coreutils pre-depends on libselinux1 (>= 3.1~)
  libselinux1 is not installed.

dpkg: warning: ignoring pre-dependency problem!
Preparing to unpack .../coreutils_8.32-4ubuntu2_armhf.deb ...
Unpacking coreutils (8.32-4ubuntu2) ...
Selecting previously unselected package dash.
Preparing to unpack .../dash_0.5.11+git20200708+dd9ef66+really0.5.11+git20200708+dd9ef66-5ubuntu1_armhf.deb ...
Unpacking dash (0.5.11+git20200708+dd9ef66+really0.5.11+git20200708+dd9ef66-5ubuntu1) ...
Selecting previously unselected package debconf.
Preparing to unpack .../debconf_1.5.74_all.deb ...
Unpacking debconf (1.5.74) ...
Selecting previously unselected package debianutils.
Preparing to unpack .../debianutils_4.11.2_armhf.deb ...
Unpacking debianutils (4.11.2) ...
Selecting previously unselected package diffutils.
Preparing to unpack .../diffutils_1%3a3.7-3ubuntu1_armhf.deb ...
Unpacking diffutils (1:3.7-3ubuntu1) ...
dpkg: regarding .../dpkg_1.20.9ubuntu1_armhf.deb containing dpkg, pre-dependency problem:
 dpkg pre-depends on libbz2-1.0
  libbz2-1.0 is not installed.

dpkg: warning: ignoring pre-dependency problem!
dpkg: regarding .../dpkg_1.20.9ubuntu1_armhf.deb containing dpkg, pre-dependency problem:
 dpkg pre-depends on liblzma5 (>= 5.2.2)
  liblzma5 is not installed.

dpkg: warning: ignoring pre-dependency problem!
dpkg: regarding .../dpkg_1.20.9ubuntu1_armhf.deb containing dpkg, pre-dependency problem:
 dpkg pre-depends on libselinux1 (>= 3.1~)
  libselinux1 is not installed.

dpkg: warning: ignoring pre-dependency problem!
dpkg: regarding .../dpkg_1.20.9ubuntu1_armhf.deb containing dpkg, pre-dependency problem:
 dpkg pre-depends on libzstd1 (>= 1.3.2)
  libzstd1 is not installed.

dpkg: warning: ignoring pre-dependency problem!
dpkg: regarding .../dpkg_1.20.9ubuntu1_armhf.deb containing dpkg, pre-dependency problem:
 dpkg pre-depends on zlib1g (>= 1:1.1.4)
  zlib1g is not installed.

dpkg: warning: ignoring pre-dependency problem!
Preparing to unpack .../dpkg_1.20.9ubuntu1_armhf.deb ...
Unpacking dpkg (1.20.9ubuntu1) over (1.20.9ubuntu1) ...
Selecting previously unselected package e2fsprogs.
dpkg: regarding .../e2fsprogs_1.45.7-1ubuntu2_armhf.deb containing e2fsprogs, pre-dependency problem:
 e2fsprogs pre-depends on libblkid1 (>= 2.17.2)
  libblkid1 is not installed.

dpkg: warning: ignoring pre-dependency problem!
dpkg: regarding .../e2fsprogs_1.45.7-1ubuntu2_armhf.deb containing e2fsprogs, pre-dependency problem:
 e2fsprogs pre-depends on libcom-err2 (>= 1.43.9)
  libcom-err2 is not installed.

dpkg: warning: ignoring pre-dependency problem!
dpkg: regarding .../e2fsprogs_1.45.7-1ubuntu2_armhf.deb containing e2fsprogs, pre-dependency problem:
 e2fsprogs pre-depends on libext2fs2 (= 1.45.7-1ubuntu2)
  libext2fs2 is not installed.

dpkg: warning: ignoring pre-dependency problem!
dpkg: regarding .../e2fsprogs_1.45.7-1ubuntu2_armhf.deb containing e2fsprogs, pre-dependency problem:
 e2fsprogs pre-depends on libss2 (>= 1.38)
  libss2 is not installed.

dpkg: warning: ignoring pre-dependency problem!
dpkg: regarding .../e2fsprogs_1.45.7-1ubuntu2_armhf.deb containing e2fsprogs, pre-dependency problem:
 e2fsprogs pre-depends on libuuid1 (>= 2.16)
  libuuid1 is not installed.

dpkg: warning: ignoring pre-dependency problem!
Preparing to unpack .../e2fsprogs_1.45.7-1ubuntu2_armhf.deb ...
Unpacking e2fsprogs (1.45.7-1ubuntu2) ...
Selecting previously unselected package findutils.
dpkg: regarding .../findutils_4.8.0-1ubuntu1_armhf.deb containing findutils, pre-dependency problem:
 findutils pre-depends on libselinux1 (>= 3.1~)
  libselinux1 is not installed.

dpkg: warning: ignoring pre-dependency problem!
Preparing to unpack .../findutils_4.8.0-1ubuntu1_armhf.deb ...
Unpacking findutils (4.8.0-1ubuntu1) ...
Selecting previously unselected package gcc-11-base:armhf.
Preparing to unpack .../gcc-11-base_11-20210417-1ubuntu1_armhf.deb ...
Unpacking gcc-11-base:armhf (11-20210417-1ubuntu1) ...
Selecting previously unselected package grep.
dpkg: regarding .../archives/grep_3.6-1_armhf.deb containing grep, pre-dependency problem:
 grep pre-depends on libpcre3
  libpcre3 is not installed.

dpkg: warning: ignoring pre-dependency problem!
Preparing to unpack .../archives/grep_3.6-1_armhf.deb ...
Unpacking grep (3.6-1) ...
Selecting previously unselected package gzip.
Preparing to unpack .../gzip_1.10-2ubuntu3_armhf.deb ...
Unpacking gzip (1.10-2ubuntu3) ...
Selecting previously unselected package hostname.
Preparing to unpack .../hostname_3.23_armhf.deb ...
Unpacking hostname (3.23) ...
Selecting previously unselected package init-system-helpers.
Preparing to unpack .../init-system-helpers_1.60_all.deb ...
Unpacking init-system-helpers (1.60) ...
Selecting previously unselected package libacl1:armhf.
Preparing to unpack .../libacl1_2.2.53-10ubuntu1_armhf.deb ...
Unpacking libacl1:armhf (2.2.53-10ubuntu1) ...
Selecting previously unselected package libattr1:armhf.
Preparing to unpack .../libattr1_1%3a2.4.48-6build1_armhf.deb ...
Unpacking libattr1:armhf (1:2.4.48-6build1) ...
Selecting previously unselected package libaudit-common.
Preparing to unpack .../libaudit-common_1%3a3.0-2ubuntu1_all.deb ...
Unpacking libaudit-common (1:3.0-2ubuntu1) ...
Selecting previously unselected package libaudit1:armhf.
Preparing to unpack .../libaudit1_1%3a3.0-2ubuntu1_armhf.deb ...
Unpacking libaudit1:armhf (1:3.0-2ubuntu1) ...
Selecting previously unselected package libblkid1:armhf.
Preparing to unpack .../libblkid1_2.36.1-7ubuntu2_armhf.deb ...
Unpacking libblkid1:armhf (2.36.1-7ubuntu2) ...
Selecting previously unselected package libbz2-1.0:armhf.
Preparing to unpack .../libbz2-1.0_1.0.8-4ubuntu3_armhf.deb ...
Unpacking libbz2-1.0:armhf (1.0.8-4ubuntu3) ...
Selecting previously unselected package libc-bin.
Preparing to unpack .../libc-bin_2.33-0ubuntu5_armhf.deb ...
Unpacking libc-bin (2.33-0ubuntu5) ...
Preparing to unpack .../libc6_2.33-0ubuntu5_armhf.deb ...
Unpacking libc6:armhf (2.33-0ubuntu5) over (2.33-0ubuntu5) ...
Selecting previously unselected package libcap-ng0:armhf.
Preparing to unpack .../libcap-ng0_0.7.9-2.2build1_armhf.deb ...
Unpacking libcap-ng0:armhf (0.7.9-2.2build1) ...
Selecting previously unselected package libcap2:armhf.
Preparing to unpack .../libcap2_1%3a2.44-1build1_armhf.deb ...
Unpacking libcap2:armhf (1:2.44-1build1) ...
Selecting previously unselected package libcom-err2:armhf.
Preparing to unpack .../libcom-err2_1.45.7-1ubuntu2_armhf.deb ...
Unpacking libcom-err2:armhf (1.45.7-1ubuntu2) ...
Selecting previously unselected package libcrypt1:armhf.
Preparing to unpack .../libcrypt1_1%3a4.4.17-1ubuntu3_armhf.deb ...
Unpacking libcrypt1:armhf (1:4.4.17-1ubuntu3) ...
Selecting previously unselected package libdb5.3:armhf.
Preparing to unpack .../libdb5.3_5.3.28+dfsg1-0.6ubuntu4_armhf.deb ...
Unpacking libdb5.3:armhf (5.3.28+dfsg1-0.6ubuntu4) ...
Selecting previously unselected package libdebconfclient0:armhf.
Preparing to unpack .../libdebconfclient0_0.256ubuntu3_armhf.deb ...
Unpacking libdebconfclient0:armhf (0.256ubuntu3) ...
Selecting previously unselected package libext2fs2:armhf.
Preparing to unpack .../libext2fs2_1.45.7-1ubuntu2_armhf.deb ...
Unpacking libext2fs2:armhf (1.45.7-1ubuntu2) ...
Selecting previously unselected package libgcc-s1:armhf.
Preparing to unpack .../libgcc-s1_11-20210417-1ubuntu1_armhf.deb ...
Unpacking libgcc-s1:armhf (11-20210417-1ubuntu1) ...
Selecting previously unselected package libgcrypt20:armhf.
Preparing to unpack .../libgcrypt20_1.8.7-2ubuntu2_armhf.deb ...
Unpacking libgcrypt20:armhf (1.8.7-2ubuntu2) ...
Selecting previously unselected package libgmp10:armhf.
Preparing to unpack .../libgmp10_2%3a6.2.1+dfsg-1ubuntu2_armhf.deb ...
Unpacking libgmp10:armhf (2:6.2.1+dfsg-1ubuntu2) ...
Selecting previously unselected package libgpg-error0:armhf.
Preparing to unpack .../libgpg-error0_1.38-2build1_armhf.deb ...
Unpacking libgpg-error0:armhf (1.38-2build1) ...
Selecting previously unselected package liblz4-1:armhf.
Preparing to unpack .../liblz4-1_1.9.3-1build1_armhf.deb ...
Unpacking liblz4-1:armhf (1.9.3-1build1) ...
Selecting previously unselected package liblzma5:armhf.
Preparing to unpack .../liblzma5_5.2.5-1.0build2_armhf.deb ...
Unpacking liblzma5:armhf (5.2.5-1.0build2) ...
Selecting previously unselected package libmount1:armhf.
Preparing to unpack .../libmount1_2.36.1-7ubuntu2_armhf.deb ...
Unpacking libmount1:armhf (2.36.1-7ubuntu2) ...
Selecting previously unselected package libncurses6:armhf.
Preparing to unpack .../libncurses6_6.2+20201114-2build1_armhf.deb ...
Unpacking libncurses6:armhf (6.2+20201114-2build1) ...
Selecting previously unselected package libncursesw6:armhf.
Preparing to unpack .../libncursesw6_6.2+20201114-2build1_armhf.deb ...
Unpacking libncursesw6:armhf (6.2+20201114-2build1) ...
Selecting previously unselected package libpam-modules:armhf.
dpkg: regarding .../libpam-modules_1.3.1-5ubuntu6_armhf.deb containing libpam-modules:armhf, pre-dependency problem:
 libpam-modules pre-depends on libaudit1 (>= 1:2.2.1)
  libaudit1:armhf is unpacked, but has never been configured.

dpkg: warning: ignoring pre-dependency problem!
dpkg: regarding .../libpam-modules_1.3.1-5ubuntu6_armhf.deb containing libpam-modules:armhf, pre-dependency problem:
 libpam-modules pre-depends on libcrypt1 (>= 1:4.1.0)
  libcrypt1:armhf is unpacked, but has never been configured.

dpkg: warning: ignoring pre-dependency problem!
dpkg: regarding .../libpam-modules_1.3.1-5ubuntu6_armhf.deb containing libpam-modules:armhf, pre-dependency problem:
 libpam-modules pre-depends on libdb5.3
  libdb5.3:armhf is unpacked, but has never been configured.

dpkg: warning: ignoring pre-dependency problem!
dpkg: regarding .../libpam-modules_1.3.1-5ubuntu6_armhf.deb containing libpam-modules:armhf, pre-dependency problem:
 libpam-modules pre-depends on libpam0g (>= 1.3.1)
  libpam0g is not installed.

dpkg: warning: ignoring pre-dependency problem!
dpkg: regarding .../libpam-modules_1.3.1-5ubuntu6_armhf.deb containing libpam-modules:armhf, pre-dependency problem:
 libpam-modules pre-depends on libselinux1 (>= 3.1~)
  libselinux1 is not installed.

dpkg: warning: ignoring pre-dependency problem!
dpkg: regarding .../libpam-modules_1.3.1-5ubuntu6_armhf.deb containing libpam-modules:armhf, pre-dependency problem:
 libpam-modules pre-depends on debconf (>= 0.5) | debconf-2.0
  debconf is unpacked, but has never been configured.
  debconf provides debconf-2.0 but is unpacked but not configured.

dpkg: warning: ignoring pre-dependency problem!
dpkg: regarding .../libpam-modules_1.3.1-5ubuntu6_armhf.deb containing libpam-modules:armhf, pre-dependency problem:
 libpam-modules pre-depends on libpam-modules-bin (= 1.3.1-5ubuntu6)
  libpam-modules-bin is not installed.

dpkg: warning: ignoring pre-dependency problem!
Preparing to unpack .../libpam-modules_1.3.1-5ubuntu6_armhf.deb ...
Unpacking libpam-modules:armhf (1.3.1-5ubuntu6) ...
Selecting previously unselected package libpam-modules-bin.
Preparing to unpack .../libpam-modules-bin_1.3.1-5ubuntu6_armhf.deb ...
Unpacking libpam-modules-bin (1.3.1-5ubuntu6) ...
Selecting previously unselected package libpam-runtime.
Preparing to unpack .../libpam-runtime_1.3.1-5ubuntu6_all.deb ...
Unpacking libpam-runtime (1.3.1-5ubuntu6) ...
Selecting previously unselected package libpam0g:armhf.
Preparing to unpack .../libpam0g_1.3.1-5ubuntu6_armhf.deb ...
Unpacking libpam0g:armhf (1.3.1-5ubuntu6) ...
Selecting previously unselected package libpcre2-8-0:armhf.
Preparing to unpack .../libpcre2-8-0_10.36-2ubuntu5_armhf.deb ...
Unpacking libpcre2-8-0:armhf (10.36-2ubuntu5) ...
Selecting previously unselected package libpcre3:armhf.
Preparing to unpack .../libpcre3_2%3a8.39-13build3_armhf.deb ...
Unpacking libpcre3:armhf (2:8.39-13build3) ...
Selecting previously unselected package libprocps8:armhf.
Preparing to unpack .../libprocps8_2%3a3.3.16-5ubuntu3_armhf.deb ...
Unpacking libprocps8:armhf (2:3.3.16-5ubuntu3) ...
Selecting previously unselected package libselinux1:armhf.
Preparing to unpack .../libselinux1_3.1-3build1_armhf.deb ...
Unpacking libselinux1:armhf (3.1-3build1) ...
Selecting previously unselected package libsemanage-common.
Preparing to unpack .../libsemanage-common_3.1-1ubuntu1_all.deb ...
Unpacking libsemanage-common (3.1-1ubuntu1) ...
Selecting previously unselected package libsemanage1:armhf.
Preparing to unpack .../libsemanage1_3.1-1ubuntu1_armhf.deb ...
Unpacking libsemanage1:armhf (3.1-1ubuntu1) ...
Selecting previously unselected package libsepol1:armhf.
Preparing to unpack .../libsepol1_3.1-1ubuntu1_armhf.deb ...
Unpacking libsepol1:armhf (3.1-1ubuntu1) ...
Selecting previously unselected package libsmartcols1:armhf.
Preparing to unpack .../libsmartcols1_2.36.1-7ubuntu2_armhf.deb ...
Unpacking libsmartcols1:armhf (2.36.1-7ubuntu2) ...
Selecting previously unselected package libss2:armhf.
Preparing to unpack .../libss2_1.45.7-1ubuntu2_armhf.deb ...
Unpacking libss2:armhf (1.45.7-1ubuntu2) ...
Selecting previously unselected package libsystemd0:armhf.
dpkg: regarding .../libsystemd0_247.3-3ubuntu3_armhf.deb containing libsystemd0:armhf, pre-dependency problem:
 libsystemd0 pre-depends on libcap2 (>= 1:2.24-9~)
  libcap2:armhf is unpacked, but has never been configured.

dpkg: warning: ignoring pre-dependency problem!
dpkg: regarding .../libsystemd0_247.3-3ubuntu3_armhf.deb containing libsystemd0:armhf, pre-dependency problem:
 libsystemd0 pre-depends on libgcrypt20 (>= 1.8.0)
  libgcrypt20:armhf is unpacked, but has never been configured.

dpkg: warning: ignoring pre-dependency problem!
dpkg: regarding .../libsystemd0_247.3-3ubuntu3_armhf.deb containing libsystemd0:armhf, pre-dependency problem:
 libsystemd0 pre-depends on liblz4-1 (>= 0.0~r122)
  liblz4-1:armhf is unpacked, but has never been configured.

dpkg: warning: ignoring pre-dependency problem!
dpkg: regarding .../libsystemd0_247.3-3ubuntu3_armhf.deb containing libsystemd0:armhf, pre-dependency problem:
 libsystemd0 pre-depends on liblzma5 (>= 5.1.1alpha+20120614)
  liblzma5:armhf is unpacked, but has never been configured.

dpkg: warning: ignoring pre-dependency problem!
dpkg: regarding .../libsystemd0_247.3-3ubuntu3_armhf.deb containing libsystemd0:armhf, pre-dependency problem:
 libsystemd0 pre-depends on libzstd1 (>= 1.4.0)
  libzstd1 is not installed.

dpkg: warning: ignoring pre-dependency problem!
Preparing to unpack .../libsystemd0_247.3-3ubuntu3_armhf.deb ...
Unpacking libsystemd0:armhf (247.3-3ubuntu3) ...
Selecting previously unselected package libtinfo6:armhf.
Preparing to unpack .../libtinfo6_6.2+20201114-2build1_armhf.deb ...
Unpacking libtinfo6:armhf (6.2+20201114-2build1) ...
Selecting previously unselected package libudev1:armhf.
Preparing to unpack .../libudev1_247.3-3ubuntu3_armhf.deb ...
Unpacking libudev1:armhf (247.3-3ubuntu3) ...
Selecting previously unselected package libuuid1:armhf.
Preparing to unpack .../libuuid1_2.36.1-7ubuntu2_armhf.deb ...
Unpacking libuuid1:armhf (2.36.1-7ubuntu2) ...
Selecting previously unselected package libzstd1:armhf.
Preparing to unpack .../libzstd1_1.4.8+dfsg-2build2_armhf.deb ...
Unpacking libzstd1:armhf (1.4.8+dfsg-2build2) ...
Selecting previously unselected package login.
dpkg: regarding .../login_1%3a4.8.1-1ubuntu8_armhf.deb containing login, pre-dependency problem:
 login pre-depends on libaudit1 (>= 1:2.2.1)
  libaudit1:armhf is unpacked, but has never been configured.

dpkg: warning: ignoring pre-dependency problem!
dpkg: regarding .../login_1%3a4.8.1-1ubuntu8_armhf.deb containing login, pre-dependency problem:
 login pre-depends on libcrypt1 (>= 1:4.1.0)
  libcrypt1:armhf is unpacked, but has never been configured.

dpkg: warning: ignoring pre-dependency problem!
dpkg: regarding .../login_1%3a4.8.1-1ubuntu8_armhf.deb containing login, pre-dependency problem:
 login pre-depends on libpam0g (>= 0.99.7.1)
  libpam0g:armhf is unpacked, but has never been configured.

dpkg: warning: ignoring pre-dependency problem!
dpkg: regarding .../login_1%3a4.8.1-1ubuntu8_armhf.deb containing login, pre-dependency problem:
 login pre-depends on libpam-runtime
  libpam-runtime is unpacked, but has never been configured.

dpkg: warning: ignoring pre-dependency problem!
dpkg: regarding .../login_1%3a4.8.1-1ubuntu8_armhf.deb containing login, pre-dependency problem:
 login pre-depends on libpam-modules (>= 1.1.8-1)
  libpam-modules:armhf is unpacked, but has never been configured.

dpkg: warning: ignoring pre-dependency problem!
Preparing to unpack .../login_1%3a4.8.1-1ubuntu8_armhf.deb ...
Unpacking login (1:4.8.1-1ubuntu8) ...
Selecting previously unselected package logsave.
Preparing to unpack .../logsave_1.45.7-1ubuntu2_armhf.deb ...
Unpacking logsave (1.45.7-1ubuntu2) ...
Selecting previously unselected package lsb-base.
Preparing to unpack .../lsb-base_11.1.0ubuntu2_all.deb ...
Unpacking lsb-base (11.1.0ubuntu2) ...
Preparing to unpack .../mawk_1.3.4.20200120-2_armhf.deb ...
Unpacking mawk (1.3.4.20200120-2) over (1.3.4.20200120-2) ...
Selecting previously unselected package mount.
dpkg: regarding .../mount_2.36.1-7ubuntu2_armhf.deb containing mount, pre-dependency problem:
 mount pre-depends on libblkid1 (>= 2.17.2)
  libblkid1:armhf is unpacked, but has never been configured.

dpkg: warning: ignoring pre-dependency problem!
dpkg: regarding .../mount_2.36.1-7ubuntu2_armhf.deb containing mount, pre-dependency problem:
 mount pre-depends on libmount1 (>= 2.35.1)
  libmount1:armhf is unpacked, but has never been configured.

dpkg: warning: ignoring pre-dependency problem!
dpkg: regarding .../mount_2.36.1-7ubuntu2_armhf.deb containing mount, pre-dependency problem:
 mount pre-depends on libsmartcols1 (>= 2.33)
  libsmartcols1:armhf is unpacked, but has never been configured.

dpkg: warning: ignoring pre-dependency problem!
Preparing to unpack .../mount_2.36.1-7ubuntu2_armhf.deb ...
Unpacking mount (2.36.1-7ubuntu2) ...
Selecting previously unselected package ncurses-base.
Preparing to unpack .../ncurses-base_6.2+20201114-2build1_all.deb ...
Unpacking ncurses-base (6.2+20201114-2build1) ...
Selecting previously unselected package ncurses-bin.
dpkg: regarding .../ncurses-bin_6.2+20201114-2build1_armhf.deb containing ncurses-bin, pre-dependency problem:
 ncurses-bin pre-depends on libtinfo6 (>= 6.2+20200912)
  libtinfo6:armhf is unpacked, but has never been configured.

dpkg: warning: ignoring pre-dependency problem!
dpkg: regarding .../ncurses-bin_6.2+20201114-2build1_armhf.deb containing ncurses-bin, pre-dependency problem:
 ncurses-bin pre-depends on libtinfo6 (<< 6.3~)
  libtinfo6:armhf is unpacked, but has never been configured.

dpkg: warning: ignoring pre-dependency problem!
Preparing to unpack .../ncurses-bin_6.2+20201114-2build1_armhf.deb ...
Unpacking ncurses-bin (6.2+20201114-2build1) ...
Selecting previously unselected package passwd.
Preparing to unpack .../passwd_1%3a4.8.1-1ubuntu8_armhf.deb ...
Unpacking passwd (1:4.8.1-1ubuntu8) ...
dpkg: regarding .../perl-base_5.32.1-3ubuntu2_armhf.deb containing perl-base, pre-dependency problem:
 perl-base pre-depends on libcrypt1 (>= 1:4.1.0)
  libcrypt1:armhf is unpacked, but has never been configured.

dpkg: warning: ignoring pre-dependency problem!
Preparing to unpack .../perl-base_5.32.1-3ubuntu2_armhf.deb ...
Unpacking perl-base (5.32.1-3ubuntu2) over (5.32.1-3ubuntu2) ...
Selecting previously unselected package procps.
Preparing to unpack .../procps_2%3a3.3.16-5ubuntu3_armhf.deb ...
Unpacking procps (2:3.3.16-5ubuntu3) ...
Selecting previously unselected package sed.
dpkg: regarding .../sed_4.7-1ubuntu1_armhf.deb containing sed, pre-dependency problem:
 sed pre-depends on libacl1 (>= 2.2.23)
  libacl1:armhf is unpacked, but has never been configured.

dpkg: warning: ignoring pre-dependency problem!
dpkg: regarding .../sed_4.7-1ubuntu1_armhf.deb containing sed, pre-dependency problem:
 sed pre-depends on libselinux1 (>= 3.1~)
  libselinux1:armhf is unpacked, but has never been configured.

dpkg: warning: ignoring pre-dependency problem!
Preparing to unpack .../sed_4.7-1ubuntu1_armhf.deb ...
Unpacking sed (4.7-1ubuntu1) ...
Selecting previously unselected package sensible-utils.
Preparing to unpack .../sensible-utils_0.0.14_all.deb ...
Unpacking sensible-utils (0.0.14) ...
Selecting previously unselected package sysvinit-utils.
Preparing to unpack .../sysvinit-utils_2.96-6ubuntu1_armhf.deb ...
Unpacking sysvinit-utils (2.96-6ubuntu1) ...
Selecting previously unselected package tar.
dpkg: regarding .../tar_1.34+dfsg-1build1_armhf.deb containing tar, pre-dependency problem:
 tar pre-depends on libacl1 (>= 2.2.23)
  libacl1:armhf is unpacked, but has never been configured.

dpkg: warning: ignoring pre-dependency problem!
dpkg: regarding .../tar_1.34+dfsg-1build1_armhf.deb containing tar, pre-dependency problem:
 tar pre-depends on libselinux1 (>= 3.1~)
  libselinux1:armhf is unpacked, but has never been configured.

dpkg: warning: ignoring pre-dependency problem!
Preparing to unpack .../tar_1.34+dfsg-1build1_armhf.deb ...
Unpacking tar (1.34+dfsg-1build1) ...
Selecting previously unselected package usrmerge.
Preparing to unpack .../usrmerge_24ubuntu3_all.deb ...
Unpacking usrmerge (24ubuntu3) ...
Selecting previously unselected package util-linux.
dpkg: regarding .../util-linux_2.36.1-7ubuntu2_armhf.deb containing util-linux, pre-dependency problem:
 util-linux pre-depends on libaudit1 (>= 1:2.2.1)
  libaudit1:armhf is unpacked, but has never been configured.

dpkg: warning: ignoring pre-dependency problem!
dpkg: regarding .../util-linux_2.36.1-7ubuntu2_armhf.deb containing util-linux, pre-dependency problem:
 util-linux pre-depends on libblkid1 (>= 2.31.1)
  libblkid1:armhf is unpacked, but has never been configured.

dpkg: warning: ignoring pre-dependency problem!
dpkg: regarding .../util-linux_2.36.1-7ubuntu2_armhf.deb containing util-linux, pre-dependency problem:
 util-linux pre-depends on libcap-ng0 (>= 0.7.9)
  libcap-ng0:armhf is unpacked, but has never been configured.

dpkg: warning: ignoring pre-dependency problem!
dpkg: regarding .../util-linux_2.36.1-7ubuntu2_armhf.deb containing util-linux, pre-dependency problem:
 util-linux pre-depends on libcrypt1 (>= 1:4.1.0)
  libcrypt1:armhf is unpacked, but has never been configured.

dpkg: warning: ignoring pre-dependency problem!
dpkg: regarding .../util-linux_2.36.1-7ubuntu2_armhf.deb containing util-linux, pre-dependency problem:
 util-linux pre-depends on libmount1 (>= 2.34)
  libmount1:armhf is unpacked, but has never been configured.

dpkg: warning: ignoring pre-dependency problem!
dpkg: regarding .../util-linux_2.36.1-7ubuntu2_armhf.deb containing util-linux, pre-dependency problem:
 util-linux pre-depends on libpam0g (>= 0.99.7.1)
  libpam0g:armhf is unpacked, but has never been configured.

dpkg: warning: ignoring pre-dependency problem!
dpkg: regarding .../util-linux_2.36.1-7ubuntu2_armhf.deb containing util-linux, pre-dependency problem:
 util-linux pre-depends on libselinux1 (>= 3.1~)
  libselinux1:armhf is unpacked, but has never been configured.

dpkg: warning: ignoring pre-dependency problem!
dpkg: regarding .../util-linux_2.36.1-7ubuntu2_armhf.deb containing util-linux, pre-dependency problem:
 util-linux pre-depends on libsmartcols1 (>= 2.34)
  libsmartcols1:armhf is unpacked, but has never been configured.

dpkg: warning: ignoring pre-dependency problem!
dpkg: regarding .../util-linux_2.36.1-7ubuntu2_armhf.deb containing util-linux, pre-dependency problem:
 util-linux pre-depends on libsystemd0
  libsystemd0:armhf is unpacked, but has never been configured.

dpkg: warning: ignoring pre-dependency problem!
dpkg: regarding .../util-linux_2.36.1-7ubuntu2_armhf.deb containing util-linux, pre-dependency problem:
 util-linux pre-depends on libtinfo6 (>= 6)
  libtinfo6:armhf is unpacked, but has never been configured.

dpkg: warning: ignoring pre-dependency problem!
dpkg: regarding .../util-linux_2.36.1-7ubuntu2_armhf.deb containing util-linux, pre-dependency problem:
 util-linux pre-depends on libudev1 (>= 183)
  libudev1:armhf is unpacked, but has never been configured.

dpkg: warning: ignoring pre-dependency problem!
dpkg: regarding .../util-linux_2.36.1-7ubuntu2_armhf.deb containing util-linux, pre-dependency problem:
 util-linux pre-depends on libuuid1 (>= 2.16)
  libuuid1:armhf is unpacked, but has never been configured.

dpkg: warning: ignoring pre-dependency problem!
dpkg: regarding .../util-linux_2.36.1-7ubuntu2_armhf.deb containing util-linux, pre-dependency problem:
 util-linux pre-depends on zlib1g (>= 1:1.1.4)
  zlib1g is not installed.

dpkg: warning: ignoring pre-dependency problem!
Preparing to unpack .../util-linux_2.36.1-7ubuntu2_armhf.deb ...
Unpacking util-linux (2.36.1-7ubuntu2) ...
Selecting previously unselected package zlib1g:armhf.
Preparing to unpack .../zlib1g_1%3a1.2.11.dfsg-2ubuntu6_armhf.deb ...
Unpacking zlib1g:armhf (1:1.2.11.dfsg-2ubuntu6) ...
Setting up gcc-11-base:armhf (11-20210417-1ubuntu1) ...
Setting up lsb-base (11.1.0ubuntu2) ...
Setting up libaudit-common (1:3.0-2ubuntu1) ...
Setting up libsemanage-common (3.1-1ubuntu1) ...
Setting up ncurses-base (6.2+20201114-2build1) ...
Setting up sensible-utils (0.0.14) ...
Setting up libcrypt1:armhf (1:4.4.17-1ubuntu3) ...
Setting up libgcc-s1:armhf (11-20210417-1ubuntu1) ...
Setting up libc6:armhf (2.33-0ubuntu5) ...
Setting up libudev1:armhf (247.3-3ubuntu3) ...
Setting up libsepol1:armhf (3.1-1ubuntu1) ...
Setting up libattr1:armhf (1:2.4.48-6build1) ...
Setting up sysvinit-utils (2.96-6ubuntu1) ...
Setting up debianutils (4.11.2) ...
Setting up mawk (1.3.4.20200120-2) ...
Setting up libdebconfclient0:armhf (0.256ubuntu3) ...
Setting up base-files (11ubuntu19) ...
Setting up libbz2-1.0:armhf (1.0.8-4ubuntu3) ...
Setting up base-passwd (3.5.49) ...
Setting up libdb5.3:armhf (5.3.28+dfsg1-0.6ubuntu4) ...
Setting up libblkid1:armhf (2.36.1-7ubuntu2) ...
Setting up libtinfo6:armhf (6.2+20201114-2build1) ...
Setting up bash (5.1-2ubuntu1) ...
update-alternatives: using /usr/share/man/man7/bash-builtins.7.gz to provide /usr/share/man/man7/builtins.7.gz (builtins.7.gz) in auto mode
Setting up libzstd1:armhf (1.4.8+dfsg-2build2) ...
Setting up liblzma5:armhf (5.2.5-1.0build2) ...
Setting up libgpg-error0:armhf (1.38-2build1) ...
Setting up liblz4-1:armhf (1.9.3-1build1) ...
Setting up libc-bin (2.33-0ubuntu5) ...
Setting up ncurses-bin (6.2+20201114-2build1) ...
Setting up libacl1:armhf (2.2.53-10ubuntu1) ...
Setting up libsmartcols1:armhf (2.36.1-7ubuntu2) ...
Setting up libgcrypt20:armhf (1.8.7-2ubuntu2) ...
Setting up zlib1g:armhf (1:1.2.11.dfsg-2ubuntu6) ...
Setting up libcom-err2:armhf (1.45.7-1ubuntu2) ...
Setting up diffutils (1:3.7-3ubuntu1) ...
Setting up libcap2:armhf (1:2.44-1build1) ...
Setting up hostname (3.23) ...
Setting up libpcre3:armhf (2:8.39-13build3) ...
Setting up libcap-ng0:armhf (0.7.9-2.2build1) ...
Setting up libext2fs2:armhf (1.45.7-1ubuntu2) ...
Setting up libgmp10:armhf (2:6.2.1+dfsg-1ubuntu2) ...
Setting up libncurses6:armhf (6.2+20201114-2build1) ...
Setting up libaudit1:armhf (1:3.0-2ubuntu1) ...
Setting up libuuid1:armhf (2.36.1-7ubuntu2) ...
Setting up libss2:armhf (1.45.7-1ubuntu2) ...
Setting up libpcre2-8-0:armhf (10.36-2ubuntu5) ...
Setting up libncursesw6:armhf (6.2+20201114-2build1) ...
Setting up logsave (1.45.7-1ubuntu2) ...
Setting up e2fsprogs (1.45.7-1ubuntu2) ...
Setting up libsystemd0:armhf (247.3-3ubuntu3) ...
Setting up libselinux1:armhf (3.1-3build1) ...
Setting up sed (4.7-1ubuntu1) ...
Setting up findutils (4.8.0-1ubuntu1) ...
Setting up libmount1:armhf (2.36.1-7ubuntu2) ...
Setting up libsemanage1:armhf (3.1-1ubuntu1) ...
Setting up libprocps8:armhf (2:3.3.16-5ubuntu3) ...
Setting up bsdutils (1:2.36.1-7ubuntu2) ...
Setting up tar (1.34+dfsg-1build1) ...
update-alternatives: using /usr/sbin/rmt-tar to provide /usr/sbin/rmt (rmt) in auto mode
Setting up coreutils (8.32-4ubuntu2) ...
Setting up dpkg (1.20.9ubuntu1) ...
Setting up grep (3.6-1) ...
Setting up perl-base (5.32.1-3ubuntu2) ...
Setting up init-system-helpers (1.60) ...
Setting up gzip (1.10-2ubuntu3) ...
Setting up usrmerge (24ubuntu3) ...
Setting up procps (2:3.3.16-5ubuntu3) ...
update-alternatives: using /usr/bin/w.procps to provide /usr/bin/w (w) in auto mode
Setting up debconf (1.5.74) ...
Setting up libpam0g:armhf (1.3.1-5ubuntu6) ...
Setting up dash (0.5.11+git20200708+dd9ef66+really0.5.11+git20200708+dd9ef66-5ubuntu1) ...
No diversion 'diversion of /bin/sh by bash', none removed.
Adding 'diversion of /bin/sh to /bin/sh.distrib by dash'
No diversion 'diversion of /usr/share/man/man1/sh.1.gz by bash', none removed.
Adding 'diversion of /usr/share/man/man1/sh.1.gz to /usr/share/man/man1/sh.distrib.1.gz by dash'
Setting up libpam-modules-bin (1.3.1-5ubuntu6) ...
Setting up libpam-modules:armhf (1.3.1-5ubuntu6) ...
Setting up passwd (1:4.8.1-1ubuntu8) ...
Shadow passwords are now on.
Setting up libpam-runtime (1.3.1-5ubuntu6) ...
Setting up login (1:4.8.1-1ubuntu8) ...
Setting up util-linux (2.36.1-7ubuntu2) ...
update-alternatives: using /bin/more to provide /usr/bin/pager (pager) in auto mode
Setting up mount (2.36.1-7ubuntu2) ...
Processing triggers for libc-bin (2.33-0ubuntu5) ...
(Reading database ... 3784 files and directories currently installed.)
Preparing to unpack .../adduser_3.118ubuntu5_all.deb ...
Unpacking adduser (3.118ubuntu5) ...
Preparing to unpack .../archives/apt_2.2.3_armhf.deb ...
Unpacking apt (2.2.3) ...
Preparing to unpack .../gpgv_2.2.20-1ubuntu3_armhf.deb ...
Unpacking gpgv (2.2.20-1ubuntu3) ...
Preparing to unpack .../libapt-pkg6.0_2.2.3_armhf.deb ...
Unpacking libapt-pkg6.0:armhf (2.2.3) ...
Preparing to unpack .../libffi8ubuntu1_3.4~20200819gead65ca871-0ubuntu5_armhf.deb ...
Unpacking libffi8ubuntu1:armhf (3.4~20200819gead65ca871-0ubuntu5) ...
Preparing to unpack .../libgnutls30_3.7.1-3ubuntu1_armhf.deb ...
Unpacking libgnutls30:armhf (3.7.1-3ubuntu1) ...
Preparing to unpack .../libhogweed6_3.7-2.1ubuntu1_armhf.deb ...
Unpacking libhogweed6:armhf (3.7-2.1ubuntu1) ...
Preparing to unpack .../libidn2-0_2.3.0-5_armhf.deb ...
Unpacking libidn2-0:armhf (2.3.0-5) ...
Preparing to unpack .../libnettle8_3.7-2.1ubuntu1_armhf.deb ...
Unpacking libnettle8:armhf (3.7-2.1ubuntu1) ...
Preparing to unpack .../libp11-kit0_0.23.22-1_armhf.deb ...
Unpacking libp11-kit0:armhf (0.23.22-1) ...
Preparing to unpack .../libseccomp2_2.5.1-1ubuntu1_armhf.deb ...
Unpacking libseccomp2:armhf (2.5.1-1ubuntu1) ...
Preparing to unpack .../libstdc++6_11-20210417-1ubuntu1_armhf.deb ...
Unpacking libstdc++6:armhf (11-20210417-1ubuntu1) ...
Preparing to unpack .../libtasn1-6_4.16.0-2_armhf.deb ...
Unpacking libtasn1-6:armhf (4.16.0-2) ...
Preparing to unpack .../libunistring2_0.9.10-4_armhf.deb ...
Unpacking libunistring2:armhf (0.9.10-4) ...
Preparing to unpack .../libxxhash0_0.8.0-2_armhf.deb ...
Unpacking libxxhash0:armhf (0.8.0-2) ...
Preparing to unpack .../ubuntu-keyring_2021.03.26_all.deb ...
Unpacking ubuntu-keyring (2021.03.26) ...
Processing triggers for libc-bin (2.33-0ubuntu5) ...
Setting up adduser (3.118ubuntu5) ...
Setting up libunistring2:armhf (0.9.10-4) ...
Setting up libffi8ubuntu1:armhf (3.4~20200819gead65ca871-0ubuntu5) ...
Setting up libidn2-0:armhf (2.3.0-5) ...
Setting up ubuntu-keyring (2021.03.26) ...
Setting up libseccomp2:armhf (2.5.1-1ubuntu1) ...
Setting up libnettle8:armhf (3.7-2.1ubuntu1) ...
Setting up libp11-kit0:armhf (0.23.22-1) ...
Setting up gpgv (2.2.20-1ubuntu3) ...
Setting up libxxhash0:armhf (0.8.0-2) ...
Setting up libtasn1-6:armhf (4.16.0-2) ...
Setting up libstdc++6:armhf (11-20210417-1ubuntu1) ...
Setting up libhogweed6:armhf (3.7-2.1ubuntu1) ...
Setting up libgnutls30:armhf (3.7.1-3ubuntu1) ...
Setting up libapt-pkg6.0:armhf (2.2.3) ...
Setting up apt (2.2.3) ...
Processing triggers for libc-bin (2.33-0ubuntu5) ...
